2023-03-24 01:05:48.378 -05:00  INF  User profile is available. Using 'C:\Users\carlo\AppData\Local\ASP.NET\DataProtection-Keys' as key repository and Windows DPAPI to encrypt keys at rest. 
 2023-03-24 01:05:57.744 -05:00  INF  Now listening on: https://localhost:7223 
 2023-03-24 01:05:57.744 -05:00  INF  Now listening on: http://localhost:5205 
 2023-03-24 01:05:57.746 -05:00  INF  Application started. Press Ctrl+C to shut down. 
 2023-03-24 01:05:57.746 -05:00  INF  Hosting environment: Development 
 2023-03-24 01:05:57.746 -05:00  INF  Content root path: C:\Users\carlo\OneDrive\Escritorio\DN6_Carlos_Vazquez\06_ASP_NET_CORE_ENTITY_FRAMEWORK\E3\GymManager.Web\GymManager.Web\ 
 2023-03-24 01:06:15.025 -05:00  INF  Request starting HTTP/2 GET https://localhost:7223/ - - 
 2023-03-24 01:06:22.812 -05:00  INF  Entity Framework Core 6.0.15 initialized 'GymManagerContext' using provider 'Pomelo.EntityFrameworkCore.MySql:6.0.2' with options: ServerVersion 8.0.32-mysql  
 2023-03-24 01:06:25.403 -05:00  INF  Executed DbCommand (722ms) [Parameters=[@__p_0='?' (Size = 255)], CommandType='"Text"', CommandTimeout='30']
SELECT `a`.`Id`, `a`.`AccessFailedCount`, `a`.`ConcurrencyStamp`, `a`.`Discriminator`, `a`.`Email`, `a`.`EmailConfirmed`, `a`.`LockoutEnabled`, `a`.`LockoutEnd`, `a`.`NormalizedEmail`, `a`.`NormalizedUserName`, `a`.`PasswordHash`, `a`.`PhoneNumber`, `a`.`PhoneNumberConfirmed`, `a`.`SecurityStamp`, `a`.`TwoFactorEnabled`, `a`.`UserName`
FROM `AspNetUsers` AS `a`
WHERE `a`.`Id` = @__p_0
LIMIT 1 
 2023-03-24 01:06:25.631 -05:00  INF  AuthenticationScheme: Identity.Application signed out. 
 2023-03-24 01:06:25.636 -05:00  INF  AuthenticationScheme: Identity.External signed out. 
 2023-03-24 01:06:25.647 -05:00  INF  AuthenticationScheme: Identity.TwoFactorUserId signed out. 
 2023-03-24 01:06:25.674 -05:00  INF  Identity.Application was not authenticated. Failure message: No principal. 
 2023-03-24 01:06:25.719 -05:00  INF  Executing endpoint 'GymManager.Web.Controllers.HomeController.Index (GymManager.Web)' 
 2023-03-24 01:06:25.825 -05:00  INF  Route matched with {action = "Index", controller = "Home", page = "", area = ""}. Executing controller action with signature System.Threading.Tasks.Task`1[Microsoft.AspNetCore.Mvc.IActionResult] Index() on controller GymManager.Web.Controllers.HomeController (GymManager.Web). 
 2023-03-24 01:06:26.017 -05:00  INF  Executed DbCommand (36ms) [Parameters=[], CommandType='"Text"', CommandTimeout='30']
SELECT `m`.`Id`, `m`.`AllowNewsletter`, `m`.`BirthDay`, `m`.`CityId`, `m`.`Email`, `m`.`LastName`, `m`.`MembershipTypeId`, `m`.`Name`
FROM `Members` AS `m` 
 2023-03-24 01:06:53.987 -05:00  INF  Executing ViewResult, running view Index. 
 2023-03-24 01:08:13.972 -05:00  INF  User profile is available. Using 'C:\Users\carlo\AppData\Local\ASP.NET\DataProtection-Keys' as key repository and Windows DPAPI to encrypt keys at rest. 
 2023-03-24 01:08:14.567 -05:00  INF  Now listening on: https://localhost:7223 
 2023-03-24 01:08:14.567 -05:00  INF  Now listening on: http://localhost:5205 
 2023-03-24 01:08:14.570 -05:00  INF  Application started. Press Ctrl+C to shut down. 
 2023-03-24 01:08:14.570 -05:00  INF  Hosting environment: Development 
 2023-03-24 01:08:14.570 -05:00  INF  Content root path: C:\Users\carlo\OneDrive\Escritorio\DN6_Carlos_Vazquez\06_ASP_NET_CORE_ENTITY_FRAMEWORK\E3\GymManager.Web\GymManager.Web\ 
 2023-03-24 01:08:16.204 -05:00  INF  Request starting HTTP/2 GET https://localhost:7223/ - - 
 2023-03-24 01:08:18.204 -05:00  INF  Entity Framework Core 6.0.15 initialized 'GymManagerContext' using provider 'Pomelo.EntityFrameworkCore.MySql:6.0.2' with options: ServerVersion 8.0.32-mysql  
 2023-03-24 01:08:19.053 -05:00  INF  Executed DbCommand (80ms) [Parameters=[@__p_0='?' (Size = 255)], CommandType='"Text"', CommandTimeout='30']
SELECT `a`.`Id`, `a`.`AccessFailedCount`, `a`.`ConcurrencyStamp`, `a`.`Discriminator`, `a`.`Email`, `a`.`EmailConfirmed`, `a`.`LockoutEnabled`, `a`.`LockoutEnd`, `a`.`NormalizedEmail`, `a`.`NormalizedUserName`, `a`.`PasswordHash`, `a`.`PhoneNumber`, `a`.`PhoneNumberConfirmed`, `a`.`SecurityStamp`, `a`.`TwoFactorEnabled`, `a`.`UserName`
FROM `AspNetUsers` AS `a`
WHERE `a`.`Id` = @__p_0
LIMIT 1 
 2023-03-24 01:08:19.119 -05:00  INF  AuthenticationScheme: Identity.Application signed out. 
 2023-03-24 01:08:19.120 -05:00  INF  AuthenticationScheme: Identity.External signed out. 
 2023-03-24 01:08:19.120 -05:00  INF  AuthenticationScheme: Identity.TwoFactorUserId signed out. 
 2023-03-24 01:08:19.127 -05:00  INF  Identity.Application was not authenticated. Failure message: No principal. 
 2023-03-24 01:08:19.136 -05:00  INF  Executing endpoint 'GymManager.Web.Controllers.HomeController.Index (GymManager.Web)' 
 2023-03-24 01:08:19.150 -05:00  INF  Route matched with {action = "Index", controller = "Home", page = "", area = ""}. Executing controller action with signature System.Threading.Tasks.Task`1[Microsoft.AspNetCore.Mvc.IActionResult] Index() on controller GymManager.Web.Controllers.HomeController (GymManager.Web). 
 2023-03-24 01:08:19.191 -05:00  INF  Executed DbCommand (9ms) [Parameters=[], CommandType='"Text"', CommandTimeout='30']
SELECT `m`.`Id`, `m`.`AllowNewsletter`, `m`.`BirthDay`, `m`.`CityId`, `m`.`Email`, `m`.`LastName`, `m`.`MembershipTypeId`, `m`.`Name`
FROM `Members` AS `m` 
 2023-03-24 01:08:24.605 -05:00  INF  Executing ViewResult, running view Index. 
 2023-03-24 01:14:38.234 -05:00  INF  User profile is available. Using 'C:\Users\carlo\AppData\Local\ASP.NET\DataProtection-Keys' as key repository and Windows DPAPI to encrypt keys at rest. 
 2023-03-24 01:14:38.744 -05:00  INF  Now listening on: https://localhost:7223 
 2023-03-24 01:14:38.744 -05:00  INF  Now listening on: http://localhost:5205 
 2023-03-24 01:14:38.747 -05:00  INF  Application started. Press Ctrl+C to shut down. 
 2023-03-24 01:14:38.747 -05:00  INF  Hosting environment: Development 
 2023-03-24 01:14:38.748 -05:00  INF  Content root path: C:\Users\carlo\OneDrive\Escritorio\DN6_Carlos_Vazquez\06_ASP_NET_CORE_ENTITY_FRAMEWORK\E3\GymManager.Web\GymManager.Web\ 
 2023-03-24 01:14:40.464 -05:00  INF  Request starting HTTP/2 GET https://localhost:7223/ - - 
 2023-03-24 01:14:42.138 -05:00  INF  Entity Framework Core 6.0.15 initialized 'GymManagerContext' using provider 'Pomelo.EntityFrameworkCore.MySql:6.0.2' with options: ServerVersion 8.0.32-mysql  
 2023-03-24 01:14:43.351 -05:00  INF  Executed DbCommand (117ms) [Parameters=[@__p_0='?' (Size = 255)], CommandType='"Text"', CommandTimeout='30']
SELECT `a`.`Id`, `a`.`AccessFailedCount`, `a`.`ConcurrencyStamp`, `a`.`Discriminator`, `a`.`Email`, `a`.`EmailConfirmed`, `a`.`LockoutEnabled`, `a`.`LockoutEnd`, `a`.`NormalizedEmail`, `a`.`NormalizedUserName`, `a`.`PasswordHash`, `a`.`PhoneNumber`, `a`.`PhoneNumberConfirmed`, `a`.`SecurityStamp`, `a`.`TwoFactorEnabled`, `a`.`UserName`
FROM `AspNetUsers` AS `a`
WHERE `a`.`Id` = @__p_0
LIMIT 1 
 2023-03-24 01:14:43.421 -05:00  INF  AuthenticationScheme: Identity.Application signed out. 
 2023-03-24 01:14:43.423 -05:00  INF  AuthenticationScheme: Identity.External signed out. 
 2023-03-24 01:14:43.423 -05:00  INF  AuthenticationScheme: Identity.TwoFactorUserId signed out. 
 2023-03-24 01:14:43.431 -05:00  INF  Identity.Application was not authenticated. Failure message: No principal. 
 2023-03-24 01:14:43.441 -05:00  INF  Executing endpoint 'GymManager.Web.Controllers.HomeController.Index (GymManager.Web)' 
 2023-03-24 01:14:43.454 -05:00  INF  Route matched with {action = "Index", controller = "Home", page = "", area = ""}. Executing controller action with signature System.Threading.Tasks.Task`1[Microsoft.AspNetCore.Mvc.IActionResult] Index() on controller GymManager.Web.Controllers.HomeController (GymManager.Web). 
 2023-03-24 01:14:43.645 -05:00  INF  Executed DbCommand (85ms) [Parameters=[], CommandType='"Text"', CommandTimeout='30']
SELECT `m`.`Id`, `m`.`AllowNewsletter`, `m`.`BirthDay`, `m`.`CityId`, `m`.`Email`, `m`.`LastName`, `m`.`MembershipTypeId`, `m`.`Name`
FROM `Members` AS `m` 
 2023-03-24 01:14:48.925 -05:00  INF  Executing ViewResult, running view Index. 
 2023-03-24 01:14:52.009 -05:00  INF  Executed ViewResult - view Index executed in 8338.8394ms. 
 2023-03-24 01:14:52.039 -05:00  INF  Executed action GymManager.Web.Controllers.HomeController.Index (GymManager.Web) in 8573.7108ms 
 2023-03-24 01:14:52.040 -05:00  INF  Executed endpoint 'GymManager.Web.Controllers.HomeController.Index (GymManager.Web)' 
 2023-03-24 01:14:52.292 -05:00  INF  Request finished HTTP/2 GET https://localhost:7223/ - - - 200 - text/html;+charset=utf-8 11831.8334ms 
 2023-03-24 01:14:52.737 -05:00  INF  Request starting HTTP/2 GET https://localhost:7223/_framework/aspnetcore-browser-refresh.js - - 
 2023-03-24 01:14:52.740 -05:00  INF  Request starting HTTP/2 GET https://localhost:7223/_vs/browserLink - - 
 2023-03-24 01:14:52.942 -05:00  INF  Request finished HTTP/2 GET https://localhost:7223/_framework/aspnetcore-browser-refresh.js - - - 200 11998 application/javascript;+charset=utf-8 205.1219ms 
 2023-03-24 01:14:53.125 -05:00  INF  Request finished HTTP/2 GET https://localhost:7223/_vs/browserLink - - - 200 - text/javascript;+charset=UTF-8 385.2777ms 
 2023-03-24 01:14:53.445 -05:00  INF  Request starting HTTP/2 GET https://localhost:7223/favicon.ico - - 
 2023-03-24 01:14:53.468 -05:00  INF  Request finished HTTP/2 GET https://localhost:7223/favicon.ico - - - 404 0 - 23.0156ms 
 2023-03-24 01:14:54.160 -05:00  INF  Request starting HTTP/1.1 GET https://localhost:7223/Bootstrap/js/bootstrap.bundle.min.js.map - - 
 2023-03-24 01:14:56.311 -05:00  INF  Sending file. Request path: '/Bootstrap/js/bootstrap.bundle.min.js.map'. Physical path: 'C:\Users\carlo\OneDrive\Escritorio\DN6_Carlos_Vazquez\06_ASP_NET_CORE_ENTITY_FRAMEWORK\E3\GymManager.Web\GymManager.Web\wwwroot\Bootstrap\js\bootstrap.bundle.min.js.map' 
 2023-03-24 01:14:56.311 -05:00  INF  Request finished HTTP/1.1 GET https://localhost:7223/Bootstrap/js/bootstrap.bundle.min.js.map - - - 200 333974 text/plain 2151.3256ms 
 2023-03-24 01:15:59.038 -05:00  INF  Request starting HTTP/2 GET https://localhost:7223/Members/ - - 
 2023-03-24 01:15:59.073 -05:00  INF  Authorization failed. These requirements were not met:
DenyAnonymousAuthorizationRequirement: Requires an authenticated user. 
 2023-03-24 01:15:59.092 -05:00  INF  AuthenticationScheme: Identity.Application was challenged. 
 2023-03-24 01:15:59.092 -05:00  INF  Request finished HTTP/2 GET https://localhost:7223/Members/ - - - 302 0 - 55.5174ms 
 2023-03-24 01:15:59.097 -05:00  INF  Request starting HTTP/2 GET https://localhost:7223/Account/LogIn?ReturnUrl=%2FMembers%2F - - 
 2023-03-24 01:15:59.098 -05:00  INF  Executing endpoint 'GymManager.Web.Controlers.AccountController.Login (GymManager.Web)' 
 2023-03-24 01:15:59.100 -05:00  INF  Route matched with {action = "Login", controller = "Account", page = "", area = ""}. Executing controller action with signature Microsoft.AspNetCore.Mvc.IActionResult Login() on controller GymManager.Web.Controlers.AccountController (GymManager.Web). 
 2023-03-24 01:15:59.184 -05:00  INF  Entity Framework Core 6.0.15 initialized 'GymManagerContext' using provider 'Pomelo.EntityFrameworkCore.MySql:6.0.2' with options: ServerVersion 8.0.32-mysql  
 2023-03-24 01:15:59.337 -05:00  INF  Executed DbCommand (92ms) [Parameters=[], CommandType='"Text"', CommandTimeout='30']
SELECT EXISTS (
    SELECT 1
    FROM `AspNetUsers` AS `a`) 
 2023-03-24 01:15:59.662 -05:00  INF  Executed DbCommand (13ms) [Parameters=[@__normalizedUserName_0='?' (Size = 256)], CommandType='"Text"', CommandTimeout='30']
SELECT `a`.`Id`, `a`.`AccessFailedCount`, `a`.`ConcurrencyStamp`, `a`.`Discriminator`, `a`.`Email`, `a`.`EmailConfirmed`, `a`.`LockoutEnabled`, `a`.`LockoutEnd`, `a`.`NormalizedEmail`, `a`.`NormalizedUserName`, `a`.`PasswordHash`, `a`.`PhoneNumber`, `a`.`PhoneNumberConfirmed`, `a`.`SecurityStamp`, `a`.`TwoFactorEnabled`, `a`.`UserName`
FROM `AspNetUsers` AS `a`
WHERE `a`.`NormalizedUserName` = @__normalizedUserName_0
LIMIT 1 
 2023-03-24 01:16:00.582 -05:00  INF  Executed DbCommand (254ms) [Parameters=[@p0='?' (Size = 255), @p1='?' (DbType = Int32), @p2='?' (Size = 4000), @p3='?' (Size = 4000), @p4='?' (Size = 256), @p5='?' (DbType = Boolean), @p6='?' (DbType = Boolean), @p7='?' (DbType = DateTimeOffset), @p8='?' (Size = 256), @p9='?' (Size = 256), @p10='?' (Size = 4000), @p11='?' (Size = 4000), @p12='?' (DbType = Boolean), @p13='?' (Size = 4000), @p14='?' (DbType = Boolean), @p15='?' (Size = 256)], CommandType='"Text"', CommandTimeout='30']
INSERT INTO `AspNetUsers` (`Id`, `AccessFailedCount`, `ConcurrencyStamp`, `Discriminator`, `Email`, `EmailConfirmed`, `LockoutEnabled`, `LockoutEnd`, `NormalizedEmail`, `NormalizedUserName`, `PasswordHash`, `PhoneNumber`, `PhoneNumberConfirmed`, `SecurityStamp`, `TwoFactorEnabled`, `UserName`)
VALUES (@p0, @p1, @p2, @p3, @p4, @p5, @p6, @p7, @p8, @p9, @p10, @p11, @p12, @p13, @p14, @p15); 
 2023-03-24 01:16:02.069 -05:00  INF  Executing ViewResult, running view Login. 
 2023-03-24 01:16:02.610 -05:00  INF  Executed ViewResult - view Login executed in 1830.7431ms. 
 2023-03-24 01:16:02.610 -05:00  INF  Executed action GymManager.Web.Controlers.AccountController.Login (GymManager.Web) in 3510.1087ms 
 2023-03-24 01:16:02.610 -05:00  INF  Executed endpoint 'GymManager.Web.Controlers.AccountController.Login (GymManager.Web)' 
 2023-03-24 01:16:02.613 -05:00  INF  Request finished HTTP/2 GET https://localhost:7223/Account/LogIn?ReturnUrl=%2FMembers%2F - - - 200 - text/html;+charset=utf-8 3516.1261ms 
 2023-03-24 01:16:02.623 -05:00  INF  Request starting HTTP/2 GET https://localhost:7223/_framework/aspnetcore-browser-refresh.js - - 
 2023-03-24 01:16:02.623 -05:00  INF  Request finished HTTP/2 GET https://localhost:7223/_framework/aspnetcore-browser-refresh.js - - - 200 11998 application/javascript;+charset=utf-8 0.3764ms 
 2023-03-24 01:16:02.634 -05:00  INF  Request starting HTTP/2 GET https://localhost:7223/_vs/browserLink - - 
 2023-03-24 01:16:02.639 -05:00  INF  Request finished HTTP/2 GET https://localhost:7223/_vs/browserLink - - - 200 - text/javascript;+charset=UTF-8 5.2967ms 
 2023-03-24 01:16:02.841 -05:00  INF  Request starting HTTP/1.1 GET https://localhost:7223/Bootstrap/js/bootstrap.bundle.min.js.map - - 
 2023-03-24 01:16:02.846 -05:00  INF  Sending file. Request path: '/Bootstrap/js/bootstrap.bundle.min.js.map'. Physical path: 'C:\Users\carlo\OneDrive\Escritorio\DN6_Carlos_Vazquez\06_ASP_NET_CORE_ENTITY_FRAMEWORK\E3\GymManager.Web\GymManager.Web\wwwroot\Bootstrap\js\bootstrap.bundle.min.js.map' 
 2023-03-24 01:16:02.846 -05:00  INF  Request finished HTTP/1.1 GET https://localhost:7223/Bootstrap/js/bootstrap.bundle.min.js.map - - - 200 333974 text/plain 5.2983ms 
 2023-03-24 01:16:23.486 -05:00  INF  Request starting HTTP/2 POST https://localhost:7223/Account/Login application/x-www-form-urlencoded 248 
 2023-03-24 01:16:23.491 -05:00  INF  Executing endpoint 'GymManager.Web.Controlers.AccountController.Login (GymManager.Web)' 
 2023-03-24 01:16:23.633 -05:00  INF  Route matched with {action = "Login", controller = "Account", page = "", area = ""}. Executing controller action with signature System.Threading.Tasks.Task`1[Microsoft.AspNetCore.Mvc.IActionResult] Login(GymManager.Web.Models.LoginModel) on controller GymManager.Web.Controlers.AccountController (GymManager.Web). 
 2023-03-24 01:16:23.659 -05:00  INF  Entity Framework Core 6.0.15 initialized 'GymManagerContext' using provider 'Pomelo.EntityFrameworkCore.MySql:6.0.2' with options: ServerVersion 8.0.32-mysql  
 2023-03-24 01:16:23.664 -05:00  INF  Executed DbCommand (1ms) [Parameters=[], CommandType='"Text"', CommandTimeout='30']
SELECT EXISTS (
    SELECT 1
    FROM `AspNetUsers` AS `a`) 
 2023-03-24 01:16:23.843 -05:00  INF  Executed DbCommand (20ms) [Parameters=[@__normalizedUserName_0='?' (Size = 256)], CommandType='"Text"', CommandTimeout='30']
SELECT `a`.`Id`, `a`.`AccessFailedCount`, `a`.`ConcurrencyStamp`, `a`.`Discriminator`, `a`.`Email`, `a`.`EmailConfirmed`, `a`.`LockoutEnabled`, `a`.`LockoutEnd`, `a`.`NormalizedEmail`, `a`.`NormalizedUserName`, `a`.`PasswordHash`, `a`.`PhoneNumber`, `a`.`PhoneNumberConfirmed`, `a`.`SecurityStamp`, `a`.`TwoFactorEnabled`, `a`.`UserName`
FROM `AspNetUsers` AS `a`
WHERE `a`.`NormalizedUserName` = @__normalizedUserName_0
LIMIT 1 
 2023-03-24 01:16:24.268 -05:00  INF  Executed DbCommand (72ms) [Parameters=[@__user_Id_0='?' (Size = 255)], CommandType='"Text"', CommandTimeout='30']
SELECT `a`.`Id`, `a`.`ClaimType`, `a`.`ClaimValue`, `a`.`UserId`
FROM `AspNetUserClaims` AS `a`
WHERE `a`.`UserId` = @__user_Id_0 
 2023-03-24 01:16:24.302 -05:00  INF  AuthenticationScheme: Identity.Application signed in. 
 2023-03-24 01:16:24.310 -05:00  INF  Executing LocalRedirectResult, redirecting to /. 
 2023-03-24 01:16:24.310 -05:00  INF  Executed action GymManager.Web.Controlers.AccountController.Login (GymManager.Web) in 676.4234ms 
 2023-03-24 01:16:24.310 -05:00  INF  Executed endpoint 'GymManager.Web.Controlers.AccountController.Login (GymManager.Web)' 
 2023-03-24 01:16:24.311 -05:00  INF  Request finished HTTP/2 POST https://localhost:7223/Account/Login application/x-www-form-urlencoded 248 - 302 0 - 824.6655ms 
 2023-03-24 01:16:24.315 -05:00  INF  Request starting HTTP/2 GET https://localhost:7223/ - - 
 2023-03-24 01:16:24.320 -05:00  INF  Executing endpoint 'GymManager.Web.Controllers.HomeController.Index (GymManager.Web)' 
 2023-03-24 01:16:24.320 -05:00  INF  Route matched with {action = "Index", controller = "Home", page = "", area = ""}. Executing controller action with signature System.Threading.Tasks.Task`1[Microsoft.AspNetCore.Mvc.IActionResult] Index() on controller GymManager.Web.Controllers.HomeController (GymManager.Web). 
 2023-03-24 01:16:24.321 -05:00  INF  Entity Framework Core 6.0.15 initialized 'GymManagerContext' using provider 'Pomelo.EntityFrameworkCore.MySql:6.0.2' with options: ServerVersion 8.0.32-mysql  
 2023-03-24 01:16:24.329 -05:00  INF  Executed DbCommand (1ms) [Parameters=[], CommandType='"Text"', CommandTimeout='30']
SELECT `m`.`Id`, `m`.`AllowNewsletter`, `m`.`BirthDay`, `m`.`CityId`, `m`.`Email`, `m`.`LastName`, `m`.`MembershipTypeId`, `m`.`Name`
FROM `Members` AS `m` 
 2023-03-24 01:16:24.329 -05:00  INF  Executing ViewResult, running view Index. 
 2023-03-24 01:16:24.337 -05:00  INF  Executed ViewResult - view Index executed in 7.8863ms. 
 2023-03-24 01:16:24.337 -05:00  INF  Executed action GymManager.Web.Controllers.HomeController.Index (GymManager.Web) in 16.6824ms 
 2023-03-24 01:16:24.337 -05:00  INF  Executed endpoint 'GymManager.Web.Controllers.HomeController.Index (GymManager.Web)' 
 2023-03-24 01:16:24.340 -05:00  INF  Request finished HTTP/2 GET https://localhost:7223/ - - - 200 - text/html;+charset=utf-8 24.6530ms 
 2023-03-24 01:16:24.347 -05:00  INF  Request starting HTTP/2 GET https://localhost:7223/_framework/aspnetcore-browser-refresh.js - - 
 2023-03-24 01:16:24.347 -05:00  INF  Request starting HTTP/2 GET https://localhost:7223/_vs/browserLink - - 
 2023-03-24 01:16:24.347 -05:00  INF  Request finished HTTP/2 GET https://localhost:7223/_framework/aspnetcore-browser-refresh.js - - - 200 11998 application/javascript;+charset=utf-8 0.5402ms 
 2023-03-24 01:16:24.350 -05:00  INF  Request finished HTTP/2 GET https://localhost:7223/_vs/browserLink - - - 200 - text/javascript;+charset=UTF-8 3.0373ms 
 2023-03-24 01:16:24.383 -05:00  INF  Request starting HTTP/1.1 GET https://localhost:7223/Bootstrap/js/bootstrap.bundle.min.js.map - - 
 2023-03-24 01:16:24.386 -05:00  INF  Sending file. Request path: '/Bootstrap/js/bootstrap.bundle.min.js.map'. Physical path: 'C:\Users\carlo\OneDrive\Escritorio\DN6_Carlos_Vazquez\06_ASP_NET_CORE_ENTITY_FRAMEWORK\E3\GymManager.Web\GymManager.Web\wwwroot\Bootstrap\js\bootstrap.bundle.min.js.map' 
 2023-03-24 01:16:24.386 -05:00  INF  Request finished HTTP/1.1 GET https://localhost:7223/Bootstrap/js/bootstrap.bundle.min.js.map - - - 200 333974 text/plain 3.1148ms 
 2023-03-24 01:16:27.490 -05:00  INF  Request starting HTTP/2 GET https://localhost:7223/Members/ - - 
 2023-03-24 01:16:27.505 -05:00  INF  Executing endpoint 'GymManager.Web.Controllers.MembersController.Index (GymManager.Web)' 
 2023-03-24 01:16:27.508 -05:00  INF  Route matched with {action = "Index", controller = "Members", page = "", area = ""}. Executing controller action with signature System.Threading.Tasks.Task`1[Microsoft.AspNetCore.Mvc.IActionResult] Index() on controller GymManager.Web.Controllers.MembersController (GymManager.Web). 
 2023-03-24 01:16:27.511 -05:00  INF  ----------------------------------------------------------- 
 2023-03-24 01:16:27.511 -05:00  INF  ***********  Now you are in the Members Index   *********** 
 2023-03-24 01:16:27.511 -05:00  INF  ----------------------------------------------------------- 
 2023-03-24 01:16:27.512 -05:00  INF  Entity Framework Core 6.0.15 initialized 'GymManagerContext' using provider 'Pomelo.EntityFrameworkCore.MySql:6.0.2' with options: ServerVersion 8.0.32-mysql  
 2023-03-24 01:16:27.518 -05:00  INF  Executed DbCommand (1ms) [Parameters=[], CommandType='"Text"', CommandTimeout='30']
SELECT `m`.`Id`, `m`.`AllowNewsletter`, `m`.`BirthDay`, `m`.`CityId`, `m`.`Email`, `m`.`LastName`, `m`.`MembershipTypeId`, `m`.`Name`
FROM `Members` AS `m` 
 2023-03-24 01:16:27.912 -05:00  INF  Executing ViewResult, running view Index. 
 2023-03-24 01:16:27.928 -05:00  INF  Executed ViewResult - view Index executed in 408.5858ms. 
 2023-03-24 01:16:27.928 -05:00  INF  Executed action GymManager.Web.Controllers.MembersController.Index (GymManager.Web) in 419.6781ms 
 2023-03-24 01:16:27.928 -05:00  INF  Executed endpoint 'GymManager.Web.Controllers.MembersController.Index (GymManager.Web)' 
 2023-03-24 01:16:27.932 -05:00  INF  Request finished HTTP/2 GET https://localhost:7223/Members/ - - - 200 - text/html;+charset=utf-8 441.8116ms 
 2023-03-24 01:16:27.939 -05:00  INF  Request starting HTTP/2 GET https://localhost:7223/_framework/aspnetcore-browser-refresh.js - - 
 2023-03-24 01:16:27.939 -05:00  INF  Request starting HTTP/2 GET https://localhost:7223/_vs/browserLink - - 
 2023-03-24 01:16:27.940 -05:00  INF  Request finished HTTP/2 GET https://localhost:7223/_framework/aspnetcore-browser-refresh.js - - - 200 11998 application/javascript;+charset=utf-8 0.5621ms 
 2023-03-24 01:16:27.943 -05:00  INF  Request finished HTTP/2 GET https://localhost:7223/_vs/browserLink - - - 200 - text/javascript;+charset=UTF-8 3.2512ms 
 2023-03-24 01:16:27.980 -05:00  INF  Request starting HTTP/1.1 GET https://localhost:7223/Bootstrap/js/bootstrap.bundle.min.js.map - - 
 2023-03-24 01:16:27.996 -05:00  INF  Sending file. Request path: '/Bootstrap/js/bootstrap.bundle.min.js.map'. Physical path: 'C:\Users\carlo\OneDrive\Escritorio\DN6_Carlos_Vazquez\06_ASP_NET_CORE_ENTITY_FRAMEWORK\E3\GymManager.Web\GymManager.Web\wwwroot\Bootstrap\js\bootstrap.bundle.min.js.map' 
 2023-03-24 01:16:27.996 -05:00  INF  Request finished HTTP/1.1 GET https://localhost:7223/Bootstrap/js/bootstrap.bundle.min.js.map - - - 200 333974 text/plain 15.5163ms 
 2023-03-24 01:16:29.960 -05:00  INF  Request starting HTTP/2 GET https://localhost:7223/Members/Create - - 
 2023-03-24 01:16:29.988 -05:00  INF  Executing endpoint 'GymManager.Web.Controllers.MembersController.Create (GymManager.Web)' 
 2023-03-24 01:16:29.991 -05:00  INF  Route matched with {action = "Create", controller = "Members", page = "", area = ""}. Executing controller action with signature Microsoft.AspNetCore.Mvc.IActionResult Create() on controller GymManager.Web.Controllers.MembersController (GymManager.Web). 
 2023-03-24 01:16:30.386 -05:00  INF  Executing ViewResult, running view Create. 
 2023-03-24 01:16:30.601 -05:00  INF  Executed ViewResult - view Create executed in 609.9777ms. 
 2023-03-24 01:16:30.601 -05:00  INF  Executed action GymManager.Web.Controllers.MembersController.Create (GymManager.Web) in 610.4364ms 
 2023-03-24 01:16:30.601 -05:00  INF  Executed endpoint 'GymManager.Web.Controllers.MembersController.Create (GymManager.Web)' 
 2023-03-24 01:16:30.605 -05:00  INF  Request finished HTTP/2 GET https://localhost:7223/Members/Create - - - 200 - text/html;+charset=utf-8 644.8088ms 
 2023-03-24 01:16:30.619 -05:00  INF  Request starting HTTP/2 GET https://localhost:7223/_framework/aspnetcore-browser-refresh.js - - 
 2023-03-24 01:16:30.620 -05:00  INF  Request starting HTTP/2 GET https://localhost:7223/_vs/browserLink - - 
 2023-03-24 01:16:30.620 -05:00  INF  Request finished HTTP/2 GET https://localhost:7223/_framework/aspnetcore-browser-refresh.js - - - 200 11998 application/javascript;+charset=utf-8 1.7054ms 
 2023-03-24 01:16:30.625 -05:00  INF  Request finished HTTP/2 GET https://localhost:7223/_vs/browserLink - - - 200 - text/javascript;+charset=UTF-8 5.0758ms 
 2023-03-24 01:16:30.772 -05:00  INF  Request starting HTTP/1.1 GET https://localhost:7223/Bootstrap/js/bootstrap.bundle.min.js.map - - 
 2023-03-24 01:16:30.775 -05:00  INF  Sending file. Request path: '/Bootstrap/js/bootstrap.bundle.min.js.map'. Physical path: 'C:\Users\carlo\OneDrive\Escritorio\DN6_Carlos_Vazquez\06_ASP_NET_CORE_ENTITY_FRAMEWORK\E3\GymManager.Web\GymManager.Web\wwwroot\Bootstrap\js\bootstrap.bundle.min.js.map' 
 2023-03-24 01:16:30.775 -05:00  INF  Request finished HTTP/1.1 GET https://localhost:7223/Bootstrap/js/bootstrap.bundle.min.js.map - - - 200 333974 text/plain 3.0031ms 
 2023-03-24 01:17:00.434 -05:00  INF  Request starting HTTP/2 POST https://localhost:7223/Members/Create application/x-www-form-urlencoded 330 
 2023-03-24 01:17:00.438 -05:00  INF  Executing endpoint 'GymManager.Web.Controllers.MembersController.Create (GymManager.Web)' 
 2023-03-24 01:17:00.442 -05:00  INF  Route matched with {action = "Create", controller = "Members", page = "", area = ""}. Executing controller action with signature System.Threading.Tasks.Task`1[Microsoft.AspNetCore.Mvc.IActionResult] Create(GymManager.Web.Models.MemberViewModel) on controller GymManager.Web.Controllers.MembersController (GymManager.Web). 
 2023-03-24 01:17:00.672 -05:00  INF  Entity Framework Core 6.0.15 initialized 'GymManagerContext' using provider 'Pomelo.EntityFrameworkCore.MySql:6.0.2' with options: ServerVersion 8.0.32-mysql  
 2023-03-24 01:17:00.798 -05:00  INF  Executed DbCommand (88ms) [Parameters=[@__p_0='?' (DbType = Int32)], CommandType='"Text"', CommandTimeout='30']
SELECT `c`.`Id`, `c`.`Name`
FROM `Cities` AS `c`
WHERE `c`.`Id` = @__p_0
LIMIT 1 
 2023-03-24 01:20:43.920 -05:00  INF  User profile is available. Using 'C:\Users\carlo\AppData\Local\ASP.NET\DataProtection-Keys' as key repository and Windows DPAPI to encrypt keys at rest. 
 2023-03-24 01:20:44.515 -05:00  INF  Now listening on: https://localhost:7223 
 2023-03-24 01:20:44.515 -05:00  INF  Now listening on: http://localhost:5205 
 2023-03-24 01:20:44.519 -05:00  INF  Application started. Press Ctrl+C to shut down. 
 2023-03-24 01:20:44.519 -05:00  INF  Hosting environment: Development 
 2023-03-24 01:20:44.519 -05:00  INF  Content root path: C:\Users\carlo\OneDrive\Escritorio\DN6_Carlos_Vazquez\06_ASP_NET_CORE_ENTITY_FRAMEWORK\E3\GymManager.Web\GymManager.Web\ 
 2023-03-24 01:20:46.517 -05:00  INF  Request starting HTTP/2 GET https://localhost:7223/ - - 
 2023-03-24 01:20:47.081 -05:00  INF  Executing endpoint 'GymManager.Web.Controllers.HomeController.Index (GymManager.Web)' 
 2023-03-24 01:20:47.095 -05:00  INF  Route matched with {action = "Index", controller = "Home", page = "", area = ""}. Executing controller action with signature System.Threading.Tasks.Task`1[Microsoft.AspNetCore.Mvc.IActionResult] Index() on controller GymManager.Web.Controllers.HomeController (GymManager.Web). 
 2023-03-24 01:20:48.067 -05:00  INF  Entity Framework Core 6.0.15 initialized 'GymManagerContext' using provider 'Pomelo.EntityFrameworkCore.MySql:6.0.2' with options: ServerVersion 8.0.32-mysql  
 2023-03-24 01:20:48.453 -05:00  INF  Executed DbCommand (47ms) [Parameters=[], CommandType='"Text"', CommandTimeout='30']
SELECT `m`.`Id`, `m`.`AllowNewsletter`, `m`.`BirthDay`, `m`.`CityId`, `m`.`Email`, `m`.`LastName`, `m`.`MembershipTypeId`, `m`.`Name`
FROM `Members` AS `m` 
 2023-03-24 01:20:53.820 -05:00  INF  Executing ViewResult, running view Index. 
 2023-03-24 01:20:56.816 -05:00  INF  Executed ViewResult - view Index executed in 8292.4433ms. 
 2023-03-24 01:20:56.825 -05:00  INF  Executed action GymManager.Web.Controllers.HomeController.Index (GymManager.Web) in 9728.9415ms 
 2023-03-24 01:20:56.826 -05:00  INF  Executed endpoint 'GymManager.Web.Controllers.HomeController.Index (GymManager.Web)' 
 2023-03-24 01:20:56.905 -05:00  INF  Request finished HTTP/2 GET https://localhost:7223/ - - - 200 - text/html;+charset=utf-8 10394.6681ms 
 2023-03-24 01:20:57.675 -05:00  INF  Request starting HTTP/2 GET https://localhost:7223/_vs/browserLink - - 
 2023-03-24 01:20:57.675 -05:00  INF  Request starting HTTP/2 GET https://localhost:7223/_framework/aspnetcore-browser-refresh.js - - 
 2023-03-24 01:20:57.695 -05:00  INF  Request finished HTTP/2 GET https://localhost:7223/_framework/aspnetcore-browser-refresh.js - - - 200 11998 application/javascript;+charset=utf-8 20.3804ms 
 2023-03-24 01:20:57.716 -05:00  INF  Request finished HTTP/2 GET https://localhost:7223/_vs/browserLink - - - 200 - text/javascript;+charset=UTF-8 40.6522ms 
 2023-03-24 01:20:57.960 -05:00  INF  Request starting HTTP/2 GET https://localhost:7223/favicon.ico - - 
 2023-03-24 01:20:58.010 -05:00  INF  Request finished HTTP/2 GET https://localhost:7223/favicon.ico - - - 404 0 - 50.3610ms 
 2023-03-24 01:20:58.019 -05:00  INF  Request starting HTTP/1.1 GET https://localhost:7223/Bootstrap/js/bootstrap.bundle.min.js.map - - 
 2023-03-24 01:20:58.058 -05:00  INF  Sending file. Request path: '/Bootstrap/js/bootstrap.bundle.min.js.map'. Physical path: 'C:\Users\carlo\OneDrive\Escritorio\DN6_Carlos_Vazquez\06_ASP_NET_CORE_ENTITY_FRAMEWORK\E3\GymManager.Web\GymManager.Web\wwwroot\Bootstrap\js\bootstrap.bundle.min.js.map' 
 2023-03-24 01:20:58.058 -05:00  INF  Request finished HTTP/1.1 GET https://localhost:7223/Bootstrap/js/bootstrap.bundle.min.js.map - - - 200 333974 text/plain 38.6802ms 
 2023-03-24 01:21:02.961 -05:00  INF  Request starting HTTP/2 GET https://localhost:7223/Members/ - - 
 2023-03-24 01:21:02.992 -05:00  INF  Executing endpoint 'GymManager.Web.Controllers.MembersController.Index (GymManager.Web)' 
 2023-03-24 01:21:02.996 -05:00  INF  Route matched with {action = "Index", controller = "Members", page = "", area = ""}. Executing controller action with signature System.Threading.Tasks.Task`1[Microsoft.AspNetCore.Mvc.IActionResult] Index() on controller GymManager.Web.Controllers.MembersController (GymManager.Web). 
 2023-03-24 01:21:02.998 -05:00  INF  ----------------------------------------------------------- 
 2023-03-24 01:21:02.998 -05:00  INF  ***********  Now you are in the Members Index   *********** 
 2023-03-24 01:21:02.998 -05:00  INF  ----------------------------------------------------------- 
 2023-03-24 01:21:03.055 -05:00  INF  Entity Framework Core 6.0.15 initialized 'GymManagerContext' using provider 'Pomelo.EntityFrameworkCore.MySql:6.0.2' with options: ServerVersion 8.0.32-mysql  
 2023-03-24 01:21:03.083 -05:00  INF  Executed DbCommand (12ms) [Parameters=[], CommandType='"Text"', CommandTimeout='30']
SELECT `m`.`Id`, `m`.`AllowNewsletter`, `m`.`BirthDay`, `m`.`CityId`, `m`.`Email`, `m`.`LastName`, `m`.`MembershipTypeId`, `m`.`Name`
FROM `Members` AS `m` 
 2023-03-24 01:21:03.266 -05:00  INF  Executing ViewResult, running view Index. 
 2023-03-24 01:21:03.326 -05:00  INF  Executed ViewResult - view Index executed in 241.8786ms. 
 2023-03-24 01:21:03.327 -05:00  INF  Executed action GymManager.Web.Controllers.MembersController.Index (GymManager.Web) in 329.9888ms 
 2023-03-24 01:21:03.327 -05:00  INF  Executed endpoint 'GymManager.Web.Controllers.MembersController.Index (GymManager.Web)' 
 2023-03-24 01:21:03.334 -05:00  INF  Request finished HTTP/2 GET https://localhost:7223/Members/ - - - 200 - text/html;+charset=utf-8 373.0243ms 
 2023-03-24 01:21:03.344 -05:00  INF  Request starting HTTP/2 GET https://localhost:7223/_framework/aspnetcore-browser-refresh.js - - 
 2023-03-24 01:21:03.344 -05:00  INF  Request starting HTTP/2 GET https://localhost:7223/_vs/browserLink - - 
 2023-03-24 01:21:03.345 -05:00  INF  Request finished HTTP/2 GET https://localhost:7223/_framework/aspnetcore-browser-refresh.js - - - 200 11998 application/javascript;+charset=utf-8 0.8784ms 
 2023-03-24 01:21:03.349 -05:00  INF  Request finished HTTP/2 GET https://localhost:7223/_vs/browserLink - - - 200 - text/javascript;+charset=UTF-8 4.4280ms 
 2023-03-24 01:21:03.382 -05:00  INF  Request starting HTTP/1.1 GET https://localhost:7223/Bootstrap/js/bootstrap.bundle.min.js.map - - 
 2023-03-24 01:21:03.386 -05:00  INF  Sending file. Request path: '/Bootstrap/js/bootstrap.bundle.min.js.map'. Physical path: 'C:\Users\carlo\OneDrive\Escritorio\DN6_Carlos_Vazquez\06_ASP_NET_CORE_ENTITY_FRAMEWORK\E3\GymManager.Web\GymManager.Web\wwwroot\Bootstrap\js\bootstrap.bundle.min.js.map' 
 2023-03-24 01:21:03.386 -05:00  INF  Request finished HTTP/1.1 GET https://localhost:7223/Bootstrap/js/bootstrap.bundle.min.js.map - - - 200 333974 text/plain 3.8707ms 
 2023-03-24 01:21:06.134 -05:00  INF  Request starting HTTP/2 GET https://localhost:7223/Members/Create - - 
 2023-03-24 01:21:06.142 -05:00  INF  Executing endpoint 'GymManager.Web.Controllers.MembersController.Create (GymManager.Web)' 
 2023-03-24 01:21:06.144 -05:00  INF  Route matched with {action = "Create", controller = "Members", page = "", area = ""}. Executing controller action with signature Microsoft.AspNetCore.Mvc.IActionResult Create() on controller GymManager.Web.Controllers.MembersController (GymManager.Web). 
 2023-03-24 01:21:06.550 -05:00  INF  Executing ViewResult, running view Create. 
 2023-03-24 01:21:06.693 -05:00  INF  Executed ViewResult - view Create executed in 546.9404ms. 
 2023-03-24 01:21:06.693 -05:00  INF  Executed action GymManager.Web.Controllers.MembersController.Create (GymManager.Web) in 548.7945ms 
 2023-03-24 01:21:06.693 -05:00  INF  Executed endpoint 'GymManager.Web.Controllers.MembersController.Create (GymManager.Web)' 
 2023-03-24 01:21:06.697 -05:00  INF  Request finished HTTP/2 GET https://localhost:7223/Members/Create - - - 200 - text/html;+charset=utf-8 562.5815ms 
 2023-03-24 01:21:06.713 -05:00  INF  Request starting HTTP/2 GET https://localhost:7223/_framework/aspnetcore-browser-refresh.js - - 
 2023-03-24 01:21:06.714 -05:00  INF  Request finished HTTP/2 GET https://localhost:7223/_framework/aspnetcore-browser-refresh.js - - - 200 11998 application/javascript;+charset=utf-8 0.3086ms 
 2023-03-24 01:21:06.716 -05:00  INF  Request starting HTTP/2 GET https://localhost:7223/_vs/browserLink - - 
 2023-03-24 01:21:06.739 -05:00  INF  Request finished HTTP/2 GET https://localhost:7223/_vs/browserLink - - - 200 - text/javascript;+charset=UTF-8 22.7614ms 
 2023-03-24 01:21:06.799 -05:00  INF  Request starting HTTP/1.1 GET https://localhost:7223/Bootstrap/js/bootstrap.bundle.min.js.map - - 
 2023-03-24 01:21:06.802 -05:00  INF  Sending file. Request path: '/Bootstrap/js/bootstrap.bundle.min.js.map'. Physical path: 'C:\Users\carlo\OneDrive\Escritorio\DN6_Carlos_Vazquez\06_ASP_NET_CORE_ENTITY_FRAMEWORK\E3\GymManager.Web\GymManager.Web\wwwroot\Bootstrap\js\bootstrap.bundle.min.js.map' 
 2023-03-24 01:21:06.802 -05:00  INF  Request finished HTTP/1.1 GET https://localhost:7223/Bootstrap/js/bootstrap.bundle.min.js.map - - - 200 333974 text/plain 2.7284ms 
 2023-03-24 01:21:31.975 -05:00  INF  Request starting HTTP/2 POST https://localhost:7223/Members/Create application/x-www-form-urlencoded 326 
 2023-03-24 01:21:32.008 -05:00  INF  Executing endpoint 'GymManager.Web.Controllers.MembersController.Create (GymManager.Web)' 
 2023-03-24 01:21:32.030 -05:00  INF  Route matched with {action = "Create", controller = "Members", page = "", area = ""}. Executing controller action with signature System.Threading.Tasks.Task`1[Microsoft.AspNetCore.Mvc.IActionResult] Create(GymManager.Web.Models.MemberViewModel) on controller GymManager.Web.Controllers.MembersController (GymManager.Web). 
 2023-03-24 01:21:32.111 -05:00  INF  Entity Framework Core 6.0.15 initialized 'GymManagerContext' using provider 'Pomelo.EntityFrameworkCore.MySql:6.0.2' with options: ServerVersion 8.0.32-mysql  
 2023-03-24 01:21:32.508 -05:00  INF  Executed DbCommand (40ms) [Parameters=[@__p_0='?' (DbType = Int32)], CommandType='"Text"', CommandTimeout='30']
SELECT `c`.`Id`, `c`.`Name`
FROM `Cities` AS `c`
WHERE `c`.`Id` = @__p_0
LIMIT 1 
 2023-03-24 01:21:33.314 -05:00  INF  Executed DbCommand (318ms) [Parameters=[@p0='?' (DbType = Boolean), @p1='?' (DbType = DateTime), @p2='?' (DbType = Int32), @p3='?' (Size = 4000), @p4='?' (Size = 20), @p5='?' (DbType = Int32), @p6='?' (Size = 20)], CommandType='"Text"', CommandTimeout='30']
INSERT INTO `Members` (`AllowNewsletter`, `BirthDay`, `CityId`, `Email`, `LastName`, `MembershipTypeId`, `Name`)
VALUES (@p0, @p1, @p2, @p3, @p4, @p5, @p6);
SELECT `Id`
FROM `Members`
WHERE ROW_COUNT() = 1 AND `Id` = LAST_INSERT_ID(); 
 2023-03-24 01:21:33.662 -05:00  INF  Executing RedirectResult, redirecting to /Members. 
 2023-03-24 01:21:33.662 -05:00  INF  Executed action GymManager.Web.Controllers.MembersController.Create (GymManager.Web) in 1632.287ms 
 2023-03-24 01:21:33.663 -05:00  INF  Executed endpoint 'GymManager.Web.Controllers.MembersController.Create (GymManager.Web)' 
 2023-03-24 01:21:33.663 -05:00  INF  Request finished HTTP/2 POST https://localhost:7223/Members/Create application/x-www-form-urlencoded 326 - 302 0 - 1688.0153ms 
 2023-03-24 01:21:33.735 -05:00  INF  Request starting HTTP/2 GET https://localhost:7223/Members - - 
 2023-03-24 01:21:33.752 -05:00  INF  Executing endpoint 'GymManager.Web.Controllers.MembersController.Index (GymManager.Web)' 
 2023-03-24 01:21:33.752 -05:00  INF  Route matched with {action = "Index", controller = "Members", page = "", area = ""}. Executing controller action with signature System.Threading.Tasks.Task`1[Microsoft.AspNetCore.Mvc.IActionResult] Index() on controller GymManager.Web.Controllers.MembersController (GymManager.Web). 
 2023-03-24 01:21:33.753 -05:00  INF  ----------------------------------------------------------- 
 2023-03-24 01:21:33.753 -05:00  INF  ***********  Now you are in the Members Index   *********** 
 2023-03-24 01:21:33.753 -05:00  INF  ----------------------------------------------------------- 
 2023-03-24 01:21:33.754 -05:00  INF  Entity Framework Core 6.0.15 initialized 'GymManagerContext' using provider 'Pomelo.EntityFrameworkCore.MySql:6.0.2' with options: ServerVersion 8.0.32-mysql  
 2023-03-24 01:21:33.766 -05:00  INF  Executed DbCommand (1ms) [Parameters=[], CommandType='"Text"', CommandTimeout='30']
SELECT `m`.`Id`, `m`.`AllowNewsletter`, `m`.`BirthDay`, `m`.`CityId`, `m`.`Email`, `m`.`LastName`, `m`.`MembershipTypeId`, `m`.`Name`
FROM `Members` AS `m` 
 2023-03-24 01:21:33.774 -05:00  INF  Executing ViewResult, running view Index. 
 2023-03-24 01:21:33.781 -05:00  INF  Executed ViewResult - view Index executed in 6.7718ms. 
 2023-03-24 01:21:33.781 -05:00  INF  Executed action GymManager.Web.Controllers.MembersController.Index (GymManager.Web) in 28.4164ms 
 2023-03-24 01:21:33.781 -05:00  INF  Executed endpoint 'GymManager.Web.Controllers.MembersController.Index (GymManager.Web)' 
 2023-03-24 01:21:33.784 -05:00  INF  Request finished HTTP/2 GET https://localhost:7223/Members - - - 200 - text/html;+charset=utf-8 49.4049ms 
 2023-03-24 01:21:33.791 -05:00  INF  Request starting HTTP/2 GET https://localhost:7223/_framework/aspnetcore-browser-refresh.js - - 
 2023-03-24 01:21:33.791 -05:00  INF  Request starting HTTP/2 GET https://localhost:7223/_vs/browserLink - - 
 2023-03-24 01:21:33.792 -05:00  INF  Request finished HTTP/2 GET https://localhost:7223/_framework/aspnetcore-browser-refresh.js - - - 200 11998 application/javascript;+charset=utf-8 0.5560ms 
 2023-03-24 01:21:33.795 -05:00  INF  Request finished HTTP/2 GET https://localhost:7223/_vs/browserLink - - - 200 - text/javascript;+charset=UTF-8 3.5859ms 
 2023-03-24 01:21:33.859 -05:00  INF  Request starting HTTP/1.1 GET https://localhost:7223/Bootstrap/js/bootstrap.bundle.min.js.map - - 
 2023-03-24 01:21:33.862 -05:00  INF  Sending file. Request path: '/Bootstrap/js/bootstrap.bundle.min.js.map'. Physical path: 'C:\Users\carlo\OneDrive\Escritorio\DN6_Carlos_Vazquez\06_ASP_NET_CORE_ENTITY_FRAMEWORK\E3\GymManager.Web\GymManager.Web\wwwroot\Bootstrap\js\bootstrap.bundle.min.js.map' 
 2023-03-24 01:21:33.863 -05:00  INF  Request finished HTTP/1.1 GET https://localhost:7223/Bootstrap/js/bootstrap.bundle.min.js.map - - - 200 333974 text/plain 3.7877ms 
 2023-03-24 01:21:49.751 -05:00  INF  Request starting HTTP/2 GET https://localhost:7223/MembershipTypes/ - - 
 2023-03-24 01:21:49.855 -05:00  INF  Executing endpoint 'GymManager.Web.Controllers.MembershipTypesController.Index (GymManager.Web)' 
 2023-03-24 01:21:49.859 -05:00  INF  Route matched with {action = "Index", controller = "MembershipTypes", page = "", area = ""}. Executing controller action with signature System.Threading.Tasks.Task`1[Microsoft.AspNetCore.Mvc.IActionResult] Index() on controller GymManager.Web.Controllers.MembershipTypesController (GymManager.Web). 
 2023-03-24 01:21:49.863 -05:00  INF  Entity Framework Core 6.0.15 initialized 'GymManagerContext' using provider 'Pomelo.EntityFrameworkCore.MySql:6.0.2' with options: ServerVersion 8.0.32-mysql  
 2023-03-24 01:21:49.918 -05:00  INF  Executed DbCommand (42ms) [Parameters=[], CommandType='"Text"', CommandTimeout='30']
SELECT `m`.`Id`, `m`.`Cost`, `m`.`CreatedOn`, `m`.`Duration`, `m`.`Name`
FROM `MembershipTypes` AS `m` 
 2023-03-24 01:21:50.086 -05:00  INF  Executing ViewResult, running view Index. 
 2023-03-24 01:21:50.300 -05:00  INF  Executed ViewResult - view Index executed in 380.6701ms. 
 2023-03-24 01:21:50.300 -05:00  INF  Executed action GymManager.Web.Controllers.MembershipTypesController.Index (GymManager.Web) in 440.8499ms 
 2023-03-24 01:21:50.300 -05:00  INF  Executed endpoint 'GymManager.Web.Controllers.MembershipTypesController.Index (GymManager.Web)' 
 2023-03-24 01:21:50.302 -05:00  INF  Request finished HTTP/2 GET https://localhost:7223/MembershipTypes/ - - - 200 - text/html;+charset=utf-8 551.0712ms 
 2023-03-24 01:21:50.338 -05:00  INF  Request starting HTTP/2 GET https://localhost:7223/_framework/aspnetcore-browser-refresh.js - - 
 2023-03-24 01:21:50.339 -05:00  INF  Request starting HTTP/2 GET https://localhost:7223/_vs/browserLink - - 
 2023-03-24 01:21:50.339 -05:00  INF  Request finished HTTP/2 GET https://localhost:7223/_framework/aspnetcore-browser-refresh.js - - - 200 11998 application/javascript;+charset=utf-8 1.2359ms 
 2023-03-24 01:21:50.363 -05:00  INF  Request starting HTTP/1.1 GET https://localhost:7223/Bootstrap/js/bootstrap.bundle.min.js.map - - 
 2023-03-24 01:21:50.404 -05:00  INF  Sending file. Request path: '/Bootstrap/js/bootstrap.bundle.min.js.map'. Physical path: 'C:\Users\carlo\OneDrive\Escritorio\DN6_Carlos_Vazquez\06_ASP_NET_CORE_ENTITY_FRAMEWORK\E3\GymManager.Web\GymManager.Web\wwwroot\Bootstrap\js\bootstrap.bundle.min.js.map' 
 2023-03-24 01:21:50.405 -05:00  INF  Request finished HTTP/1.1 GET https://localhost:7223/Bootstrap/js/bootstrap.bundle.min.js.map - - - 200 333974 text/plain 45.3282ms 
 2023-03-24 01:21:50.440 -05:00  INF  Request finished HTTP/2 GET https://localhost:7223/_vs/browserLink - - - 200 - text/javascript;+charset=UTF-8 101.9195ms 
 2023-03-24 01:21:52.489 -05:00  INF  Request starting HTTP/2 GET https://localhost:7223/MembershipTypes/Create - - 
 2023-03-24 01:21:52.494 -05:00  INF  Executing endpoint 'GymManager.Web.Controllers.MembershipTypesController.Create (GymManager.Web)' 
 2023-03-24 01:21:52.497 -05:00  INF  Route matched with {action = "Create", controller = "MembershipTypes", page = "", area = ""}. Executing controller action with signature Microsoft.AspNetCore.Mvc.IActionResult Create() on controller GymManager.Web.Controllers.MembershipTypesController (GymManager.Web). 
 2023-03-24 01:21:52.917 -05:00  INF  Executing ViewResult, running view Create. 
 2023-03-24 01:21:53.062 -05:00  INF  Executed ViewResult - view Create executed in 564.8448ms. 
 2023-03-24 01:21:53.062 -05:00  INF  Executed action GymManager.Web.Controllers.MembershipTypesController.Create (GymManager.Web) in 565.3658ms 
 2023-03-24 01:21:53.062 -05:00  INF  Executed endpoint 'GymManager.Web.Controllers.MembershipTypesController.Create (GymManager.Web)' 
 2023-03-24 01:21:53.066 -05:00  INF  Request finished HTTP/2 GET https://localhost:7223/MembershipTypes/Create - - - 200 - text/html;+charset=utf-8 576.7686ms 
 2023-03-24 01:21:53.079 -05:00  INF  Request starting HTTP/2 GET https://localhost:7223/Views/Create.js - - 
 2023-03-24 01:21:53.081 -05:00  INF  Request finished HTTP/2 GET https://localhost:7223/Views/Create.js - - - 404 0 - 2.5497ms 
 2023-03-24 01:21:53.083 -05:00  INF  Request starting HTTP/2 GET https://localhost:7223/_framework/aspnetcore-browser-refresh.js - - 
 2023-03-24 01:21:53.083 -05:00  INF  Request starting HTTP/2 GET https://localhost:7223/_vs/browserLink - - 
 2023-03-24 01:21:53.084 -05:00  INF  Request finished HTTP/2 GET https://localhost:7223/_framework/aspnetcore-browser-refresh.js - - - 200 11998 application/javascript;+charset=utf-8 0.6408ms 
 2023-03-24 01:21:53.088 -05:00  INF  Request finished HTTP/2 GET https://localhost:7223/_vs/browserLink - - - 200 - text/javascript;+charset=UTF-8 4.4899ms 
 2023-03-24 01:21:53.144 -05:00  INF  Request starting HTTP/1.1 GET https://localhost:7223/Bootstrap/js/bootstrap.bundle.min.js.map - - 
 2023-03-24 01:21:53.158 -05:00  INF  Sending file. Request path: '/Bootstrap/js/bootstrap.bundle.min.js.map'. Physical path: 'C:\Users\carlo\OneDrive\Escritorio\DN6_Carlos_Vazquez\06_ASP_NET_CORE_ENTITY_FRAMEWORK\E3\GymManager.Web\GymManager.Web\wwwroot\Bootstrap\js\bootstrap.bundle.min.js.map' 
 2023-03-24 01:21:53.158 -05:00  INF  Request finished HTTP/1.1 GET https://localhost:7223/Bootstrap/js/bootstrap.bundle.min.js.map - - - 200 333974 text/plain 14.3534ms 
 2023-03-24 01:22:07.352 -05:00  INF  Request starting HTTP/2 POST https://localhost:7223/MembershipTypes/Create application/x-www-form-urlencoded 259 
 2023-03-24 01:22:07.358 -05:00  INF  Executing endpoint 'GymManager.Web.Controllers.MembershipTypesController.Create (GymManager.Web)' 
 2023-03-24 01:22:07.442 -05:00  INF  Route matched with {action = "Create", controller = "MembershipTypes", page = "", area = ""}. Executing controller action with signature System.Threading.Tasks.Task`1[Microsoft.AspNetCore.Mvc.IActionResult] Create(GymManager.Core.MembershipsTypes.MembershipType) on controller GymManager.Web.Controllers.MembershipTypesController (GymManager.Web). 
 2023-03-24 01:22:07.556 -05:00  INF  Entity Framework Core 6.0.15 initialized 'GymManagerContext' using provider 'Pomelo.EntityFrameworkCore.MySql:6.0.2' with options: ServerVersion 8.0.32-mysql  
 2023-03-24 01:22:07.628 -05:00  INF  Executed DbCommand (1ms) [Parameters=[@p0='?' (DbType = Double), @p1='?' (DbType = DateTime), @p2='?' (DbType = Int32), @p3='?' (Size = 100)], CommandType='"Text"', CommandTimeout='30']
INSERT INTO `MembershipTypes` (`Cost`, `CreatedOn`, `Duration`, `Name`)
VALUES (@p0, @p1, @p2, @p3);
SELECT `Id`
FROM `MembershipTypes`
WHERE ROW_COUNT() = 1 AND `Id` = LAST_INSERT_ID(); 
 2023-03-24 01:22:07.678 -05:00  INF  Executing RedirectResult, redirecting to /MembershipTypes. 
 2023-03-24 01:22:07.678 -05:00  INF  Executed action GymManager.Web.Controllers.MembershipTypesController.Create (GymManager.Web) in 236.461ms 
 2023-03-24 01:22:07.678 -05:00  INF  Executed endpoint 'GymManager.Web.Controllers.MembershipTypesController.Create (GymManager.Web)' 
 2023-03-24 01:22:07.679 -05:00  INF  Request finished HTTP/2 POST https://localhost:7223/MembershipTypes/Create application/x-www-form-urlencoded 259 - 302 0 - 326.7801ms 
 2023-03-24 01:22:07.700 -05:00  INF  Request starting HTTP/2 GET https://localhost:7223/MembershipTypes - - 
 2023-03-24 01:22:07.704 -05:00  INF  Executing endpoint 'GymManager.Web.Controllers.MembershipTypesController.Index (GymManager.Web)' 
 2023-03-24 01:22:07.704 -05:00  INF  Route matched with {action = "Index", controller = "MembershipTypes", page = "", area = ""}. Executing controller action with signature System.Threading.Tasks.Task`1[Microsoft.AspNetCore.Mvc.IActionResult] Index() on controller GymManager.Web.Controllers.MembershipTypesController (GymManager.Web). 
 2023-03-24 01:22:07.704 -05:00  INF  Entity Framework Core 6.0.15 initialized 'GymManagerContext' using provider 'Pomelo.EntityFrameworkCore.MySql:6.0.2' with options: ServerVersion 8.0.32-mysql  
 2023-03-24 01:22:07.713 -05:00  INF  Executed DbCommand (1ms) [Parameters=[], CommandType='"Text"', CommandTimeout='30']
SELECT `m`.`Id`, `m`.`Cost`, `m`.`CreatedOn`, `m`.`Duration`, `m`.`Name`
FROM `MembershipTypes` AS `m` 
 2023-03-24 01:22:07.722 -05:00  INF  Executing ViewResult, running view Index. 
 2023-03-24 01:22:07.728 -05:00  INF  Executed ViewResult - view Index executed in 6.5297ms. 
 2023-03-24 01:22:07.728 -05:00  INF  Executed action GymManager.Web.Controllers.MembershipTypesController.Index (GymManager.Web) in 24.5979ms 
 2023-03-24 01:22:07.728 -05:00  INF  Executed endpoint 'GymManager.Web.Controllers.MembershipTypesController.Index (GymManager.Web)' 
 2023-03-24 01:22:07.731 -05:00  INF  Request finished HTTP/2 GET https://localhost:7223/MembershipTypes - - - 200 - text/html;+charset=utf-8 31.6068ms 
 2023-03-24 01:22:07.740 -05:00  INF  Request starting HTTP/2 GET https://localhost:7223/_framework/aspnetcore-browser-refresh.js - - 
 2023-03-24 01:22:07.740 -05:00  INF  Request starting HTTP/2 GET https://localhost:7223/_vs/browserLink - - 
 2023-03-24 01:22:07.740 -05:00  INF  Request finished HTTP/2 GET https://localhost:7223/_framework/aspnetcore-browser-refresh.js - - - 200 11998 application/javascript;+charset=utf-8 0.5384ms 
 2023-03-24 01:22:07.743 -05:00  INF  Request finished HTTP/2 GET https://localhost:7223/_vs/browserLink - - - 200 - text/javascript;+charset=UTF-8 3.6235ms 
 2023-03-24 01:22:07.775 -05:00  INF  Request starting HTTP/1.1 GET https://localhost:7223/Bootstrap/js/bootstrap.bundle.min.js.map - - 
 2023-03-24 01:22:07.779 -05:00  INF  Sending file. Request path: '/Bootstrap/js/bootstrap.bundle.min.js.map'. Physical path: 'C:\Users\carlo\OneDrive\Escritorio\DN6_Carlos_Vazquez\06_ASP_NET_CORE_ENTITY_FRAMEWORK\E3\GymManager.Web\GymManager.Web\wwwroot\Bootstrap\js\bootstrap.bundle.min.js.map' 
 2023-03-24 01:22:07.779 -05:00  INF  Request finished HTTP/1.1 GET https://localhost:7223/Bootstrap/js/bootstrap.bundle.min.js.map - - - 200 333974 text/plain 3.5060ms 
 2023-03-24 01:22:17.816 -05:00  INF  Request starting HTTP/2 GET https://localhost:7223/Users/ - - 
 2023-03-24 01:22:17.819 -05:00  INF  Executing endpoint 'GymManager.Web.Controllers.UsersController.Index (GymManager.Web)' 
 2023-03-24 01:22:17.823 -05:00  INF  Route matched with {action = "Index", controller = "Users", page = "", area = ""}. Executing controller action with signature System.Threading.Tasks.Task`1[Microsoft.AspNetCore.Mvc.IActionResult] Index() on controller GymManager.Web.Controllers.UsersController (GymManager.Web). 
 2023-03-24 01:22:17.827 -05:00  INF  Entity Framework Core 6.0.15 initialized 'GymManagerContext' using provider 'Pomelo.EntityFrameworkCore.MySql:6.0.2' with options: ServerVersion 8.0.32-mysql  
 2023-03-24 01:22:17.849 -05:00  INF  Executed DbCommand (1ms) [Parameters=[], CommandType='"Text"', CommandTimeout='30']
SELECT `a`.`Id`, `a`.`AccessFailedCount`, `a`.`ConcurrencyStamp`, `a`.`Discriminator`, `a`.`Email`, `a`.`EmailConfirmed`, `a`.`LockoutEnabled`, `a`.`LockoutEnd`, `a`.`NormalizedEmail`, `a`.`NormalizedUserName`, `a`.`PasswordHash`, `a`.`PhoneNumber`, `a`.`PhoneNumberConfirmed`, `a`.`SecurityStamp`, `a`.`TwoFactorEnabled`, `a`.`UserName`
FROM `AspNetUsers` AS `a` 
 2023-03-24 01:22:18.137 -05:00  INF  Executing ViewResult, running view Index. 
 2023-03-24 01:22:18.152 -05:00  INF  Executed ViewResult - view Index executed in 226.2815ms. 
 2023-03-24 01:22:18.152 -05:00  INF  Executed action GymManager.Web.Controllers.UsersController.Index (GymManager.Web) in 328.4538ms 
 2023-03-24 01:22:18.152 -05:00  INF  Executed endpoint 'GymManager.Web.Controllers.UsersController.Index (GymManager.Web)' 
 2023-03-24 01:22:18.155 -05:00  INF  Request finished HTTP/2 GET https://localhost:7223/Users/ - - - 200 - text/html;+charset=utf-8 339.6800ms 
 2023-03-24 01:22:18.165 -05:00  INF  Request starting HTTP/2 GET https://localhost:7223/_framework/aspnetcore-browser-refresh.js - - 
 2023-03-24 01:22:18.165 -05:00  INF  Request starting HTTP/2 GET https://localhost:7223/_vs/browserLink - - 
 2023-03-24 01:22:18.165 -05:00  INF  Request finished HTTP/2 GET https://localhost:7223/_framework/aspnetcore-browser-refresh.js - - - 200 11998 application/javascript;+charset=utf-8 0.4423ms 
 2023-03-24 01:22:18.169 -05:00  INF  Request finished HTTP/2 GET https://localhost:7223/_vs/browserLink - - - 200 - text/javascript;+charset=UTF-8 3.8187ms 
 2023-03-24 01:22:18.216 -05:00  INF  Request starting HTTP/1.1 GET https://localhost:7223/Bootstrap/js/bootstrap.bundle.min.js.map - - 
 2023-03-24 01:22:18.224 -05:00  INF  Sending file. Request path: '/Bootstrap/js/bootstrap.bundle.min.js.map'. Physical path: 'C:\Users\carlo\OneDrive\Escritorio\DN6_Carlos_Vazquez\06_ASP_NET_CORE_ENTITY_FRAMEWORK\E3\GymManager.Web\GymManager.Web\wwwroot\Bootstrap\js\bootstrap.bundle.min.js.map' 
 2023-03-24 01:22:18.224 -05:00  INF  Request finished HTTP/1.1 GET https://localhost:7223/Bootstrap/js/bootstrap.bundle.min.js.map - - - 200 333974 text/plain 8.4300ms 
 