2023-03-23 15:39:53.489 -05:00  INF  Entity Framework Core 6.0.14 initialized 'GymManagerContext' using provider 'Pomelo.EntityFrameworkCore.MySql:6.0.2' with options: ServerVersion 8.0.32-mysql  
 2023-03-23 15:39:54.686 -05:00  INF  Executed DbCommand (176ms) [Parameters=[], CommandType='"Text"', CommandTimeout='30']
SELECT 1 FROM INFORMATION_SCHEMA.TABLES WHERE TABLE_SCHEMA='gymmanager' AND TABLE_NAME='__EFMigrationsHistory'; 
 2023-03-23 15:39:55.614 -05:00  INF  Executed DbCommand (698ms) [Parameters=[], CommandType='"Text"', CommandTimeout='30']
CREATE TABLE `__EFMigrationsHistory` (
    `MigrationId` varchar(150) CHARACTER SET utf8mb4 NOT NULL,
    `ProductVersion` varchar(32) CHARACTER SET utf8mb4 NOT NULL,
    CONSTRAINT `PK___EFMigrationsHistory` PRIMARY KEY (`MigrationId`)
) CHARACTER SET=utf8mb4; 
 2023-03-23 15:39:55.702 -05:00  INF  Executed DbCommand (59ms) [Parameters=[], CommandType='"Text"', CommandTimeout='30']
SELECT 1 FROM INFORMATION_SCHEMA.TABLES WHERE TABLE_SCHEMA='gymmanager' AND TABLE_NAME='__EFMigrationsHistory'; 
 2023-03-23 15:39:55.738 -05:00  INF  Executed DbCommand (24ms) [Parameters=[], CommandType='"Text"', CommandTimeout='30']
SELECT `MigrationId`, `ProductVersion`
FROM `__EFMigrationsHistory`
ORDER BY `MigrationId`; 
 2023-03-23 15:39:55.833 -05:00  INF  Applying migration '20230220062622_Init-Migration'. 
 2023-03-23 15:39:55.924 -05:00  INF  Executed DbCommand (34ms) [Parameters=[], CommandType='"Text"', CommandTimeout='30']
ALTER DATABASE CHARACTER SET utf8mb4; 
 2023-03-23 15:39:56.060 -05:00  INF  Executed DbCommand (135ms) [Parameters=[], CommandType='"Text"', CommandTimeout='30']
CREATE TABLE `AspNetRoles` (
    `Id` varchar(255) CHARACTER SET utf8mb4 NOT NULL,
    `Name` varchar(256) CHARACTER SET utf8mb4 NULL,
    `NormalizedName` varchar(256) CHARACTER SET utf8mb4 NULL,
    `ConcurrencyStamp` longtext CHARACTER SET utf8mb4 NULL,
    CONSTRAINT `PK_AspNetRoles` PRIMARY KEY (`Id`)
) CHARACTER SET=utf8mb4; 
 2023-03-23 15:39:57.466 -05:00  INF  Executed DbCommand (1,405ms) [Parameters=[], CommandType='"Text"', CommandTimeout='30']
CREATE TABLE `AspNetUsers` (
    `Id` varchar(255) CHARACTER SET utf8mb4 NOT NULL,
    `UserName` varchar(256) CHARACTER SET utf8mb4 NULL,
    `NormalizedUserName` varchar(256) CHARACTER SET utf8mb4 NULL,
    `Email` varchar(256) CHARACTER SET utf8mb4 NULL,
    `NormalizedEmail` varchar(256) CHARACTER SET utf8mb4 NULL,
    `EmailConfirmed` tinyint(1) NOT NULL,
    `PasswordHash` longtext CHARACTER SET utf8mb4 NULL,
    `SecurityStamp` longtext CHARACTER SET utf8mb4 NULL,
    `ConcurrencyStamp` longtext CHARACTER SET utf8mb4 NULL,
    `PhoneNumber` longtext CHARACTER SET utf8mb4 NULL,
    `PhoneNumberConfirmed` tinyint(1) NOT NULL,
    `TwoFactorEnabled` tinyint(1) NOT NULL,
    `LockoutEnd` datetime(6) NULL,
    `LockoutEnabled` tinyint(1) NOT NULL,
    `AccessFailedCount` int NOT NULL,
    CONSTRAINT `PK_AspNetUsers` PRIMARY KEY (`Id`)
) CHARACTER SET=utf8mb4; 
 2023-03-23 15:39:58.049 -05:00  INF  Executed DbCommand (582ms) [Parameters=[], CommandType='"Text"', CommandTimeout='30']
CREATE TABLE `AspNetRoleClaims` (
    `Id` int NOT NULL AUTO_INCREMENT,
    `RoleId` varchar(255) CHARACTER SET utf8mb4 NOT NULL,
    `ClaimType` longtext CHARACTER SET utf8mb4 NULL,
    `ClaimValue` longtext CHARACTER SET utf8mb4 NULL,
    CONSTRAINT `PK_AspNetRoleClaims` PRIMARY KEY (`Id`),
    CONSTRAINT `FK_AspNetRoleClaims_AspNetRoles_RoleId` FOREIGN KEY (`RoleId`) REFERENCES `AspNetRoles` (`Id`) ON DELETE CASCADE
) CHARACTER SET=utf8mb4; 
 2023-03-23 15:39:58.350 -05:00  INF  Executed DbCommand (300ms) [Parameters=[], CommandType='"Text"', CommandTimeout='30']
CREATE TABLE `AspNetUserClaims` (
    `Id` int NOT NULL AUTO_INCREMENT,
    `UserId` varchar(255) CHARACTER SET utf8mb4 NOT NULL,
    `ClaimType` longtext CHARACTER SET utf8mb4 NULL,
    `ClaimValue` longtext CHARACTER SET utf8mb4 NULL,
    CONSTRAINT `PK_AspNetUserClaims` PRIMARY KEY (`Id`),
    CONSTRAINT `FK_AspNetUserClaims_AspNetUsers_UserId` FOREIGN KEY (`UserId`) REFERENCES `AspNetUsers` (`Id`) ON DELETE CASCADE
) CHARACTER SET=utf8mb4; 
 2023-03-23 15:39:58.902 -05:00  INF  Executed DbCommand (552ms) [Parameters=[], CommandType='"Text"', CommandTimeout='30']
CREATE TABLE `AspNetUserLogins` (
    `LoginProvider` varchar(128) CHARACTER SET utf8mb4 NOT NULL,
    `ProviderKey` varchar(128) CHARACTER SET utf8mb4 NOT NULL,
    `ProviderDisplayName` longtext CHARACTER SET utf8mb4 NULL,
    `UserId` varchar(255) CHARACTER SET utf8mb4 NOT NULL,
    CONSTRAINT `PK_AspNetUserLogins` PRIMARY KEY (`LoginProvider`, `ProviderKey`),
    CONSTRAINT `FK_AspNetUserLogins_AspNetUsers_UserId` FOREIGN KEY (`UserId`) REFERENCES `AspNetUsers` (`Id`) ON DELETE CASCADE
) CHARACTER SET=utf8mb4; 
 2023-03-23 15:39:59.915 -05:00  INF  Executed DbCommand (1,012ms) [Parameters=[], CommandType='"Text"', CommandTimeout='30']
CREATE TABLE `AspNetUserRoles` (
    `UserId` varchar(255) CHARACTER SET utf8mb4 NOT NULL,
    `RoleId` varchar(255) CHARACTER SET utf8mb4 NOT NULL,
    CONSTRAINT `PK_AspNetUserRoles` PRIMARY KEY (`UserId`, `RoleId`),
    CONSTRAINT `FK_AspNetUserRoles_AspNetRoles_RoleId` FOREIGN KEY (`RoleId`) REFERENCES `AspNetRoles` (`Id`) ON DELETE CASCADE,
    CONSTRAINT `FK_AspNetUserRoles_AspNetUsers_UserId` FOREIGN KEY (`UserId`) REFERENCES `AspNetUsers` (`Id`) ON DELETE CASCADE
) CHARACTER SET=utf8mb4; 
 2023-03-23 15:40:00.325 -05:00  INF  Executed DbCommand (410ms) [Parameters=[], CommandType='"Text"', CommandTimeout='30']
CREATE TABLE `AspNetUserTokens` (
    `UserId` varchar(255) CHARACTER SET utf8mb4 NOT NULL,
    `LoginProvider` varchar(128) CHARACTER SET utf8mb4 NOT NULL,
    `Name` varchar(128) CHARACTER SET utf8mb4 NOT NULL,
    `Value` longtext CHARACTER SET utf8mb4 NULL,
    CONSTRAINT `PK_AspNetUserTokens` PRIMARY KEY (`UserId`, `LoginProvider`, `Name`),
    CONSTRAINT `FK_AspNetUserTokens_AspNetUsers_UserId` FOREIGN KEY (`UserId`) REFERENCES `AspNetUsers` (`Id`) ON DELETE CASCADE
) CHARACTER SET=utf8mb4; 
 2023-03-23 15:40:00.661 -05:00  INF  Executed DbCommand (336ms) [Parameters=[], CommandType='"Text"', CommandTimeout='30']
CREATE INDEX `IX_AspNetRoleClaims_RoleId` ON `AspNetRoleClaims` (`RoleId`); 
 2023-03-23 15:40:00.760 -05:00  INF  Executed DbCommand (98ms) [Parameters=[], CommandType='"Text"', CommandTimeout='30']
CREATE UNIQUE INDEX `RoleNameIndex` ON `AspNetRoles` (`NormalizedName`); 
 2023-03-23 15:40:00.873 -05:00  INF  Executed DbCommand (113ms) [Parameters=[], CommandType='"Text"', CommandTimeout='30']
CREATE INDEX `IX_AspNetUserClaims_UserId` ON `AspNetUserClaims` (`UserId`); 
 2023-03-23 15:40:01.077 -05:00  INF  Executed DbCommand (204ms) [Parameters=[], CommandType='"Text"', CommandTimeout='30']
CREATE INDEX `IX_AspNetUserLogins_UserId` ON `AspNetUserLogins` (`UserId`); 
 2023-03-23 15:40:01.317 -05:00  INF  Executed DbCommand (239ms) [Parameters=[], CommandType='"Text"', CommandTimeout='30']
CREATE INDEX `IX_AspNetUserRoles_RoleId` ON `AspNetUserRoles` (`RoleId`); 
 2023-03-23 15:40:01.521 -05:00  INF  Executed DbCommand (203ms) [Parameters=[], CommandType='"Text"', CommandTimeout='30']
CREATE INDEX `EmailIndex` ON `AspNetUsers` (`NormalizedEmail`); 
 2023-03-23 15:40:01.698 -05:00  INF  Executed DbCommand (176ms) [Parameters=[], CommandType='"Text"', CommandTimeout='30']
CREATE UNIQUE INDEX `UserNameIndex` ON `AspNetUsers` (`NormalizedUserName`); 
 2023-03-23 15:40:01.747 -05:00  INF  Executed DbCommand (48ms) [Parameters=[], CommandType='"Text"', CommandTimeout='30']
INSERT INTO `__EFMigrationsHistory` (`MigrationId`, `ProductVersion`)
VALUES ('20230220062622_Init-Migration', '6.0.14'); 
 2023-03-23 15:40:01.763 -05:00  INF  Applying migration '20230319152202_cityNameUpdate'. 
 2023-03-23 15:40:01.837 -05:00  INF  Executed DbCommand (33ms) [Parameters=[], CommandType='"Text"', CommandTimeout='30']
INSERT INTO `__EFMigrationsHistory` (`MigrationId`, `ProductVersion`)
VALUES ('20230319152202_cityNameUpdate', '6.0.14'); 
 2023-03-23 15:40:01.903 -05:00  INF  Applying migration '20230319163244_createTables'. 
 2023-03-23 15:40:02.492 -05:00  INF  Executed DbCommand (548ms) [Parameters=[], CommandType='"Text"', CommandTimeout='30']
CREATE TABLE `Cities` (
    `Id` int NOT NULL AUTO_INCREMENT,
    `Name` varchar(50) CHARACTER SET utf8mb4 NOT NULL,
    CONSTRAINT `PK_Cities` PRIMARY KEY (`Id`)
) CHARACTER SET=utf8mb4; 
 2023-03-23 15:40:02.822 -05:00  INF  Executed DbCommand (330ms) [Parameters=[], CommandType='"Text"', CommandTimeout='30']
CREATE TABLE `Members` (
    `Id` int NOT NULL AUTO_INCREMENT,
    `Name` varchar(20) CHARACTER SET utf8mb4 NOT NULL,
    `LastName` varchar(20) CHARACTER SET utf8mb4 NOT NULL,
    `BirthDay` datetime(6) NOT NULL,
    `Email` longtext CHARACTER SET utf8mb4 NOT NULL,
    `CityId` int NOT NULL,
    `AllowNewsletter` tinyint(1) NOT NULL,
    CONSTRAINT `PK_Members` PRIMARY KEY (`Id`),
    CONSTRAINT `FK_Members_Cities_CityId` FOREIGN KEY (`CityId`) REFERENCES `Cities` (`Id`) ON DELETE CASCADE
) CHARACTER SET=utf8mb4; 
 2023-03-23 15:40:03.228 -05:00  INF  Executed DbCommand (406ms) [Parameters=[], CommandType='"Text"', CommandTimeout='30']
CREATE INDEX `IX_Members_CityId` ON `Members` (`CityId`); 
 2023-03-23 15:40:03.268 -05:00  INF  Executed DbCommand (39ms) [Parameters=[], CommandType='"Text"', CommandTimeout='30']
INSERT INTO `__EFMigrationsHistory` (`MigrationId`, `ProductVersion`)
VALUES ('20230319163244_createTables', '6.0.14'); 
 2023-03-23 23:10:12.408 -05:00  INF  Entity Framework Core 6.0.15 initialized 'GymManagerContext' using provider 'Pomelo.EntityFrameworkCore.MySql:6.0.2' with options: ServerVersion 8.0.32-mysql  
 2023-03-23 23:10:32.668 -05:00  INF  Entity Framework Core 6.0.15 initialized 'GymManagerContext' using provider 'Pomelo.EntityFrameworkCore.MySql:6.0.2' with options: ServerVersion 8.0.32-mysql  
 2023-03-23 23:14:57.101 -05:00  INF  Entity Framework Core 6.0.15 initialized 'GymManagerContext' using provider 'Pomelo.EntityFrameworkCore.MySql:6.0.2' with options: ServerVersion 8.0.32-mysql  
 2023-03-23 23:14:59.363 -05:00  INF  Executed DbCommand (1,216ms) [Parameters=[], CommandType='"Text"', CommandTimeout='30']
SELECT 1 FROM INFORMATION_SCHEMA.TABLES WHERE TABLE_SCHEMA='gymmanager' AND TABLE_NAME='__EFMigrationsHistory'; 
 2023-03-23 23:15:00.077 -05:00  INF  Executed DbCommand (522ms) [Parameters=[], CommandType='"Text"', CommandTimeout='30']
SELECT 1 FROM INFORMATION_SCHEMA.TABLES WHERE TABLE_SCHEMA='gymmanager' AND TABLE_NAME='__EFMigrationsHistory'; 
 2023-03-23 23:15:00.337 -05:00  INF  Executed DbCommand (108ms) [Parameters=[], CommandType='"Text"', CommandTimeout='30']
SELECT `MigrationId`, `ProductVersion`
FROM `__EFMigrationsHistory`
ORDER BY `MigrationId`; 
 2023-03-23 23:15:00.388 -05:00  INF  Applying migration '20230324041033_migration1'. 
 2023-03-23 23:15:12.720 -05:00  INF  Executed DbCommand (11,948ms) [Parameters=[], CommandType='"Text"', CommandTimeout='30']
ALTER TABLE `Members` ADD `MembershipTypeId` int NULL; 
 2023-03-23 23:15:13.213 -05:00  INF  Executed DbCommand (492ms) [Parameters=[], CommandType='"Text"', CommandTimeout='30']
ALTER TABLE `AspNetUsers` ADD `Discriminator` longtext CHARACTER SET utf8mb4 NOT NULL; 
 2023-03-23 23:15:13.711 -05:00  INF  Executed DbCommand (497ms) [Parameters=[], CommandType='"Text"', CommandTimeout='30']
CREATE TABLE `EquipmentTypes` (
    `Id` int NOT NULL AUTO_INCREMENT,
    `Name` varchar(45) CHARACTER SET utf8mb4 NOT NULL,
    CONSTRAINT `PK_EquipmentTypes` PRIMARY KEY (`Id`)
) CHARACTER SET=utf8mb4; 
 2023-03-23 23:15:14.144 -05:00  INF  Executed DbCommand (432ms) [Parameters=[], CommandType='"Text"', CommandTimeout='30']
CREATE TABLE `MeasureTypes` (
    `Id` int NOT NULL AUTO_INCREMENT,
    `Measure` varchar(45) CHARACTER SET utf8mb4 NOT NULL,
    CONSTRAINT `PK_MeasureTypes` PRIMARY KEY (`Id`)
) CHARACTER SET=utf8mb4; 
 2023-03-23 23:15:14.512 -05:00  INF  Executed DbCommand (367ms) [Parameters=[], CommandType='"Text"', CommandTimeout='30']
CREATE TABLE `MembershipTypes` (
    `Id` int NOT NULL AUTO_INCREMENT,
    `Name` varchar(100) CHARACTER SET utf8mb4 NOT NULL,
    `Cost` double NOT NULL,
    `CreatedOn` datetime(6) NOT NULL,
    `Duration` int NOT NULL,
    CONSTRAINT `PK_MembershipTypes` PRIMARY KEY (`Id`)
) CHARACTER SET=utf8mb4; 
 2023-03-23 23:15:14.890 -05:00  INF  Executed DbCommand (377ms) [Parameters=[], CommandType='"Text"', CommandTimeout='30']
CREATE TABLE `ProductType` (
    `Id` int NOT NULL AUTO_INCREMENT,
    `Name` varchar(45) CHARACTER SET utf8mb4 NOT NULL,
    `Brand` varchar(45) CHARACTER SET utf8mb4 NOT NULL,
    `Cost` decimal(65,30) NOT NULL,
    `Price` decimal(65,30) NOT NULL,
    `MeasureTypeId` int NOT NULL,
    CONSTRAINT `PK_ProductType` PRIMARY KEY (`Id`),
    CONSTRAINT `FK_ProductType_MeasureTypes_MeasureTypeId` FOREIGN KEY (`MeasureTypeId`) REFERENCES `MeasureTypes` (`Id`) ON DELETE CASCADE
) CHARACTER SET=utf8mb4; 
 2023-03-23 23:15:15.241 -05:00  INF  Executed DbCommand (350ms) [Parameters=[], CommandType='"Text"', CommandTimeout='30']
CREATE TABLE `Inventories` (
    `Id` int NOT NULL AUTO_INCREMENT,
    `Existence` int NOT NULL,
    `ProductTypeId` int NOT NULL,
    CONSTRAINT `PK_Inventories` PRIMARY KEY (`Id`),
    CONSTRAINT `FK_Inventories_ProductType_ProductTypeId` FOREIGN KEY (`ProductTypeId`) REFERENCES `ProductType` (`Id`) ON DELETE CASCADE
) CHARACTER SET=utf8mb4; 
 2023-03-23 23:15:15.520 -05:00  INF  Executed DbCommand (279ms) [Parameters=[], CommandType='"Text"', CommandTimeout='30']
CREATE TABLE `Sales` (
    `Id` int NOT NULL AUTO_INCREMENT,
    `Date` datetime(6) NOT NULL,
    `ProductTypeId` int NOT NULL,
    `UserId` varchar(255) CHARACTER SET utf8mb4 NULL,
    CONSTRAINT `PK_Sales` PRIMARY KEY (`Id`),
    CONSTRAINT `FK_Sales_AspNetUsers_UserId` FOREIGN KEY (`UserId`) REFERENCES `AspNetUsers` (`Id`),
    CONSTRAINT `FK_Sales_ProductType_ProductTypeId` FOREIGN KEY (`ProductTypeId`) REFERENCES `ProductType` (`Id`) ON DELETE CASCADE
) CHARACTER SET=utf8mb4; 
 2023-03-23 23:15:15.935 -05:00  INF  Executed DbCommand (414ms) [Parameters=[], CommandType='"Text"', CommandTimeout='30']
CREATE INDEX `IX_Members_MembershipTypeId` ON `Members` (`MembershipTypeId`); 
 2023-03-23 23:15:16.211 -05:00  INF  Executed DbCommand (275ms) [Parameters=[], CommandType='"Text"', CommandTimeout='30']
CREATE INDEX `IX_Inventories_ProductTypeId` ON `Inventories` (`ProductTypeId`); 
 2023-03-23 23:15:16.827 -05:00  INF  Executed DbCommand (616ms) [Parameters=[], CommandType='"Text"', CommandTimeout='30']
CREATE INDEX `IX_ProductType_MeasureTypeId` ON `ProductType` (`MeasureTypeId`); 
 2023-03-23 23:15:17.022 -05:00  INF  Executed DbCommand (195ms) [Parameters=[], CommandType='"Text"', CommandTimeout='30']
CREATE INDEX `IX_Sales_ProductTypeId` ON `Sales` (`ProductTypeId`); 
 2023-03-23 23:15:17.182 -05:00  INF  Executed DbCommand (159ms) [Parameters=[], CommandType='"Text"', CommandTimeout='30']
CREATE INDEX `IX_Sales_UserId` ON `Sales` (`UserId`); 
 2023-03-23 23:15:17.941 -05:00  INF  Executed DbCommand (758ms) [Parameters=[], CommandType='"Text"', CommandTimeout='30']
ALTER TABLE `Members` ADD CONSTRAINT `FK_Members_MembershipTypes_MembershipTypeId` FOREIGN KEY (`MembershipTypeId`) REFERENCES `MembershipTypes` (`Id`); 
 2023-03-23 23:15:17.998 -05:00  INF  Executed DbCommand (56ms) [Parameters=[], CommandType='"Text"', CommandTimeout='30']
INSERT INTO `__EFMigrationsHistory` (`MigrationId`, `ProductVersion`)
VALUES ('20230324041033_migration1', '6.0.15'); 
 