2023-02-23 17:23:37.849 -05:00  INF  User profile is available. Using 'C:\Users\carlo\AppData\Local\ASP.NET\DataProtection-Keys' as key repository and Windows DPAPI to encrypt keys at rest. 
 2023-02-23 17:23:38.534 -05:00  INF  Now listening on: https://localhost:7223 
 2023-02-23 17:23:38.534 -05:00  INF  Now listening on: http://localhost:5205 
 2023-02-23 17:23:38.537 -05:00  INF  Application started. Press Ctrl+C to shut down. 
 2023-02-23 17:23:38.538 -05:00  INF  Hosting environment: Development 
 2023-02-23 17:23:38.538 -05:00  INF  Content root path: C:\Users\carlo\OneDrive\Escritorio\DN6_Carlos_Vazquez\03_NET_PROJECTS\E4\GymManager.Web\GymManager.Web\ 
 2023-02-23 17:23:41.346 -05:00  INF  Request starting HTTP/2 GET https://localhost:7223/ - - 
 2023-02-23 17:23:41.454 -05:00  INF  Executing endpoint 'GymManager.Web.Controllers.HomeController.Index (GymManager.Web)' 
 2023-02-23 17:23:41.485 -05:00  INF  Route matched with {action = "Index", controller = "Home", page = "", area = ""}. Executing controller action with signature Microsoft.AspNetCore.Mvc.IActionResult Index() on controller GymManager.Web.Controllers.HomeController (GymManager.Web). 
 2023-02-23 17:23:47.108 -05:00  INF  Executing ViewResult, running view Index. 
 2023-02-23 17:23:49.638 -05:00  INF  Executed ViewResult - view Index executed in 8138.3893ms. 
 2023-02-23 17:23:49.647 -05:00  INF  Executed action GymManager.Web.Controllers.HomeController.Index (GymManager.Web) in 8160.8884ms 
 2023-02-23 17:23:49.648 -05:00  INF  Executed endpoint 'GymManager.Web.Controllers.HomeController.Index (GymManager.Web)' 
 2023-02-23 17:23:49.754 -05:00  INF  Request finished HTTP/2 GET https://localhost:7223/ - - - 200 - text/html;+charset=utf-8 8417.1769ms 
 2023-02-23 17:23:49.767 -05:00  INF  Request starting HTTP/2 GET https://localhost:7223/Bootstrap/css/membersStyle.css - - 
 2023-02-23 17:23:49.767 -05:00  INF  Request starting HTTP/2 GET https://localhost:7223/Bootstrap/css/bootstrap.min.css - - 
 2023-02-23 17:23:49.806 -05:00  INF  Sending file. Request path: '/Bootstrap/css/membersStyle.css'. Physical path: 'C:\Users\carlo\OneDrive\Escritorio\DN6_Carlos_Vazquez\03_NET_PROJECTS\E4\GymManager.Web\GymManager.Web\wwwroot\Bootstrap\css\membersStyle.css' 
 2023-02-23 17:23:49.813 -05:00  INF  Request finished HTTP/2 GET https://localhost:7223/Bootstrap/css/membersStyle.css - - - 200 226 text/css 46.0163ms 
 2023-02-23 17:23:49.826 -05:00  INF  Sending file. Request path: '/Bootstrap/css/bootstrap.min.css'. Physical path: 'C:\Users\carlo\OneDrive\Escritorio\DN6_Carlos_Vazquez\03_NET_PROJECTS\E4\GymManager.Web\GymManager.Web\wwwroot\Bootstrap\css\bootstrap.min.css' 
 2023-02-23 17:23:49.826 -05:00  INF  Request finished HTTP/2 GET https://localhost:7223/Bootstrap/css/bootstrap.min.css - - - 200 220780 text/css 59.1379ms 
 2023-02-23 17:23:50.374 -05:00  INF  Request starting HTTP/2 GET https://localhost:7223/Bootstrap/js/bootstrap.bundle.min.js - - 
 2023-02-23 17:23:50.374 -05:00  INF  Request starting HTTP/2 GET https://localhost:7223/_framework/aspnetcore-browser-refresh.js - - 
 2023-02-23 17:23:50.375 -05:00  INF  Request starting HTTP/2 GET https://localhost:7223/Images/logo_sin_fondo.png - - 
 2023-02-23 17:23:50.375 -05:00  INF  Request starting HTTP/2 GET https://localhost:7223/_vs/browserLink - - 
 2023-02-23 17:23:50.382 -05:00  INF  Sending file. Request path: '/Bootstrap/js/bootstrap.bundle.min.js'. Physical path: 'C:\Users\carlo\OneDrive\Escritorio\DN6_Carlos_Vazquez\03_NET_PROJECTS\E4\GymManager.Web\GymManager.Web\wwwroot\Bootstrap\js\bootstrap.bundle.min.js' 
 2023-02-23 17:23:50.382 -05:00  INF  Sending file. Request path: '/Images/logo_sin_fondo.png'. Physical path: 'C:\Users\carlo\OneDrive\Escritorio\DN6_Carlos_Vazquez\03_NET_PROJECTS\E4\GymManager.Web\GymManager.Web\wwwroot\Images\logo_sin_fondo.png' 
 2023-02-23 17:23:50.382 -05:00  INF  Request finished HTTP/2 GET https://localhost:7223/Images/logo_sin_fondo.png - - - 200 57128 image/png 7.2525ms 
 2023-02-23 17:23:50.382 -05:00  INF  Request finished HTTP/2 GET https://localhost:7223/Bootstrap/js/bootstrap.bundle.min.js - - - 200 80599 application/javascript 7.6914ms 
 2023-02-23 17:23:50.383 -05:00  INF  Request finished HTTP/2 GET https://localhost:7223/_framework/aspnetcore-browser-refresh.js - - - 200 11998 application/javascript;+charset=utf-8 8.3820ms 
 2023-02-23 17:23:50.399 -05:00  INF  Request finished HTTP/2 GET https://localhost:7223/_vs/browserLink - - - 200 - text/javascript;+charset=UTF-8 24.1435ms 
 2023-02-23 17:23:50.552 -05:00  INF  Request starting HTTP/2 GET https://localhost:7223/favicon.ico - - 
 2023-02-23 17:23:50.553 -05:00  INF  Request finished HTTP/2 GET https://localhost:7223/favicon.ico - - - 404 0 - 1.2542ms 
 2023-02-23 17:23:50.588 -05:00  INF  Request starting HTTP/1.1 GET https://localhost:7223/Bootstrap/js/bootstrap.bundle.min.js.map - - 
 2023-02-23 17:23:50.592 -05:00  INF  Sending file. Request path: '/Bootstrap/js/bootstrap.bundle.min.js.map'. Physical path: 'C:\Users\carlo\OneDrive\Escritorio\DN6_Carlos_Vazquez\03_NET_PROJECTS\E4\GymManager.Web\GymManager.Web\wwwroot\Bootstrap\js\bootstrap.bundle.min.js.map' 
 2023-02-23 17:23:50.593 -05:00  INF  Request finished HTTP/1.1 GET https://localhost:7223/Bootstrap/js/bootstrap.bundle.min.js.map - - - 200 333974 text/plain 5.1687ms 
 2023-02-23 17:23:55.691 -05:00  INF  Request starting HTTP/2 GET https://localhost:7223/Members/ - - 
 2023-02-23 17:23:55.705 -05:00  INF  Authorization failed. These requirements were not met:
DenyAnonymousAuthorizationRequirement: Requires an authenticated user. 
 2023-02-23 17:23:55.709 -05:00  INF  AuthenticationScheme: Identity.Application was challenged. 
 2023-02-23 17:23:55.710 -05:00  INF  Request finished HTTP/2 GET https://localhost:7223/Members/ - - - 302 0 - 19.1785ms 
 2023-02-23 17:23:55.713 -05:00  INF  Request starting HTTP/2 GET https://localhost:7223/Account/LogIn?ReturnUrl=%2FMembers%2F - - 
 2023-02-23 17:23:55.714 -05:00  INF  Executing endpoint 'GymManager.Web.Controlers.AccountController.Login (GymManager.Web)' 
 2023-02-23 17:23:55.715 -05:00  INF  Route matched with {action = "Login", controller = "Account", page = "", area = ""}. Executing controller action with signature Microsoft.AspNetCore.Mvc.IActionResult Login() on controller GymManager.Web.Controlers.AccountController (GymManager.Web). 
 2023-02-23 17:23:57.585 -05:00  INF  Entity Framework Core 6.0.14 initialized 'GymManagerContext' using provider 'Pomelo.EntityFrameworkCore.MySql:6.0.2' with options: ServerVersion 8.0.32-mysql  
 2023-02-23 17:23:58.168 -05:00  INF  Executed DbCommand (85ms) [Parameters=[], CommandType='"Text"', CommandTimeout='30']
SELECT EXISTS (
    SELECT 1
    FROM `AspNetUsers` AS `a`) 
 2023-02-23 17:23:58.459 -05:00  INF  Executing ViewResult, running view Login. 
 2023-02-23 17:23:58.663 -05:00  INF  Executed ViewResult - view Login executed in 443.7436ms. 
 2023-02-23 17:23:58.663 -05:00  INF  Executed action GymManager.Web.Controlers.AccountController.Login (GymManager.Web) in 2948.0674ms 
 2023-02-23 17:23:58.663 -05:00  INF  Executed endpoint 'GymManager.Web.Controlers.AccountController.Login (GymManager.Web)' 
 2023-02-23 17:23:58.683 -05:00  INF  Request starting HTTP/2 GET https://localhost:7223/_framework/aspnetcore-browser-refresh.js - - 
 2023-02-23 17:23:58.683 -05:00  INF  Request finished HTTP/2 GET https://localhost:7223/_framework/aspnetcore-browser-refresh.js - - - 200 11998 application/javascript;+charset=utf-8 0.3623ms 
 2023-02-23 17:23:58.685 -05:00  INF  Request finished HTTP/2 GET https://localhost:7223/Account/LogIn?ReturnUrl=%2FMembers%2F - - - 200 - text/html;+charset=utf-8 2971.3828ms 
 2023-02-23 17:23:58.691 -05:00  INF  Request starting HTTP/2 GET https://localhost:7223/_vs/browserLink - - 
 2023-02-23 17:23:58.725 -05:00  INF  Request finished HTTP/2 GET https://localhost:7223/_vs/browserLink - - - 200 - text/javascript;+charset=UTF-8 34.6079ms 
 2023-02-23 17:23:59.013 -05:00  INF  Request starting HTTP/1.1 GET https://localhost:7223/Bootstrap/js/bootstrap.bundle.min.js.map - - 
 2023-02-23 17:23:59.016 -05:00  INF  Sending file. Request path: '/Bootstrap/js/bootstrap.bundle.min.js.map'. Physical path: 'C:\Users\carlo\OneDrive\Escritorio\DN6_Carlos_Vazquez\03_NET_PROJECTS\E4\GymManager.Web\GymManager.Web\wwwroot\Bootstrap\js\bootstrap.bundle.min.js.map' 
 2023-02-23 17:23:59.017 -05:00  INF  Request finished HTTP/1.1 GET https://localhost:7223/Bootstrap/js/bootstrap.bundle.min.js.map - - - 200 333974 text/plain 3.2885ms 
 2023-02-23 17:24:04.396 -05:00  INF  Request starting HTTP/2 POST https://localhost:7223/Account/Login application/x-www-form-urlencoded 248 
 2023-02-23 17:24:04.398 -05:00  INF  Executing endpoint 'GymManager.Web.Controlers.AccountController.Login (GymManager.Web)' 
 2023-02-23 17:24:04.418 -05:00  INF  Route matched with {action = "Login", controller = "Account", page = "", area = ""}. Executing controller action with signature System.Threading.Tasks.Task`1[Microsoft.AspNetCore.Mvc.IActionResult] Login(GymManager.Web.Models.LoginModel) on controller GymManager.Web.Controlers.AccountController (GymManager.Web). 
 2023-02-23 17:24:04.476 -05:00  INF  Entity Framework Core 6.0.14 initialized 'GymManagerContext' using provider 'Pomelo.EntityFrameworkCore.MySql:6.0.2' with options: ServerVersion 8.0.32-mysql  
 2023-02-23 17:24:04.480 -05:00  INF  Executed DbCommand (0ms) [Parameters=[], CommandType='"Text"', CommandTimeout='30']
SELECT EXISTS (
    SELECT 1
    FROM `AspNetUsers` AS `a`) 
 2023-02-23 17:24:04.924 -05:00  INF  Executed DbCommand (94ms) [Parameters=[@__normalizedUserName_0='?' (Size = 256)], CommandType='"Text"', CommandTimeout='30']
SELECT `a`.`Id`, `a`.`AccessFailedCount`, `a`.`ConcurrencyStamp`, `a`.`Email`, `a`.`EmailConfirmed`, `a`.`LockoutEnabled`, `a`.`LockoutEnd`, `a`.`NormalizedEmail`, `a`.`NormalizedUserName`, `a`.`PasswordHash`, `a`.`PhoneNumber`, `a`.`PhoneNumberConfirmed`, `a`.`SecurityStamp`, `a`.`TwoFactorEnabled`, `a`.`UserName`
FROM `AspNetUsers` AS `a`
WHERE `a`.`NormalizedUserName` = @__normalizedUserName_0
LIMIT 1 
 2023-02-23 17:24:05.433 -05:00  INF  Executed DbCommand (23ms) [Parameters=[@__user_Id_0='?' (Size = 255)], CommandType='"Text"', CommandTimeout='30']
SELECT `a`.`Id`, `a`.`ClaimType`, `a`.`ClaimValue`, `a`.`UserId`
FROM `AspNetUserClaims` AS `a`
WHERE `a`.`UserId` = @__user_Id_0 
 2023-02-23 17:24:05.485 -05:00  INF  AuthenticationScheme: Identity.Application signed in. 
 2023-02-23 17:24:05.508 -05:00  INF  Executing LocalRedirectResult, redirecting to /. 
 2023-02-23 17:24:05.509 -05:00  INF  Executed action GymManager.Web.Controlers.AccountController.Login (GymManager.Web) in 1090.6905ms 
 2023-02-23 17:24:05.509 -05:00  INF  Executed endpoint 'GymManager.Web.Controlers.AccountController.Login (GymManager.Web)' 
 2023-02-23 17:24:05.510 -05:00  INF  Request finished HTTP/2 POST https://localhost:7223/Account/Login application/x-www-form-urlencoded 248 - 302 0 - 1114.3544ms 
 2023-02-23 17:24:05.515 -05:00  INF  Request starting HTTP/2 GET https://localhost:7223/ - - 
 2023-02-23 17:24:05.526 -05:00  INF  Executing endpoint 'GymManager.Web.Controllers.HomeController.Index (GymManager.Web)' 
 2023-02-23 17:24:05.527 -05:00  INF  Route matched with {action = "Index", controller = "Home", page = "", area = ""}. Executing controller action with signature Microsoft.AspNetCore.Mvc.IActionResult Index() on controller GymManager.Web.Controllers.HomeController (GymManager.Web). 
 2023-02-23 17:24:05.527 -05:00  INF  Executing ViewResult, running view Index. 
 2023-02-23 17:24:05.536 -05:00  INF  Executed ViewResult - view Index executed in 9.0516ms. 
 2023-02-23 17:24:05.536 -05:00  INF  Executed action GymManager.Web.Controllers.HomeController.Index (GymManager.Web) in 9.5864ms 
 2023-02-23 17:24:05.536 -05:00  INF  Executed endpoint 'GymManager.Web.Controllers.HomeController.Index (GymManager.Web)' 
 2023-02-23 17:24:05.539 -05:00  INF  Request finished HTTP/2 GET https://localhost:7223/ - - - 200 - text/html;+charset=utf-8 24.3255ms 
 2023-02-23 17:24:05.549 -05:00  INF  Request starting HTTP/2 GET https://localhost:7223/_framework/aspnetcore-browser-refresh.js - - 
 2023-02-23 17:24:05.549 -05:00  INF  Request starting HTTP/2 GET https://localhost:7223/_vs/browserLink - - 
 2023-02-23 17:24:05.549 -05:00  INF  Request finished HTTP/2 GET https://localhost:7223/_framework/aspnetcore-browser-refresh.js - - - 200 11998 application/javascript;+charset=utf-8 0.6751ms 
 2023-02-23 17:24:05.554 -05:00  INF  Request finished HTTP/2 GET https://localhost:7223/_vs/browserLink - - - 200 - text/javascript;+charset=UTF-8 5.4164ms 
 2023-02-23 17:24:05.576 -05:00  INF  Request starting HTTP/1.1 GET https://localhost:7223/Bootstrap/js/bootstrap.bundle.min.js.map - - 
 2023-02-23 17:24:05.582 -05:00  INF  Sending file. Request path: '/Bootstrap/js/bootstrap.bundle.min.js.map'. Physical path: 'C:\Users\carlo\OneDrive\Escritorio\DN6_Carlos_Vazquez\03_NET_PROJECTS\E4\GymManager.Web\GymManager.Web\wwwroot\Bootstrap\js\bootstrap.bundle.min.js.map' 
 2023-02-23 17:24:05.583 -05:00  INF  Request finished HTTP/1.1 GET https://localhost:7223/Bootstrap/js/bootstrap.bundle.min.js.map - - - 200 333974 text/plain 6.1818ms 
 2023-02-23 17:24:07.606 -05:00  INF  Request starting HTTP/2 GET https://localhost:7223/Members/ - - 
 2023-02-23 17:24:07.645 -05:00  INF  Executing endpoint 'GymManager.Web.Controllers.MembersController.Index (GymManager.Web)' 
 2023-02-23 17:24:07.646 -05:00  INF  Route matched with {action = "Index", controller = "Members", page = "", area = ""}. Executing controller action with signature Microsoft.AspNetCore.Mvc.IActionResult Index() on controller GymManager.Web.Controllers.MembersController (GymManager.Web). 
 2023-02-23 17:24:07.647 -05:00  INF  Now you are in the Members Index 
 2023-02-23 17:24:08.551 -05:00  INF  Executing ViewResult, running view Index. 
 2023-02-23 17:24:08.578 -05:00  INF  Executed ViewResult - view Index executed in 930.6167ms. 
 2023-02-23 17:24:08.578 -05:00  INF  Executed action GymManager.Web.Controllers.MembersController.Index (GymManager.Web) in 931.7405ms 
 2023-02-23 17:24:08.578 -05:00  INF  Executed endpoint 'GymManager.Web.Controllers.MembersController.Index (GymManager.Web)' 
 2023-02-23 17:24:08.582 -05:00  INF  Request finished HTTP/2 GET https://localhost:7223/Members/ - - - 200 - text/html;+charset=utf-8 976.7112ms 
 2023-02-23 17:24:08.595 -05:00  INF  Request starting HTTP/2 GET https://localhost:7223/_vs/browserLink - - 
 2023-02-23 17:24:08.595 -05:00  INF  Request starting HTTP/2 GET https://localhost:7223/_framework/aspnetcore-browser-refresh.js - - 
 2023-02-23 17:24:08.595 -05:00  INF  Request finished HTTP/2 GET https://localhost:7223/_framework/aspnetcore-browser-refresh.js - - - 200 11998 application/javascript;+charset=utf-8 0.9500ms 
 2023-02-23 17:24:08.599 -05:00  INF  Request finished HTTP/2 GET https://localhost:7223/_vs/browserLink - - - 200 - text/javascript;+charset=UTF-8 5.0554ms 
 2023-02-23 17:24:08.632 -05:00  INF  Request starting HTTP/1.1 GET https://localhost:7223/Bootstrap/js/bootstrap.bundle.min.js.map - - 
 2023-02-23 17:24:08.639 -05:00  INF  Sending file. Request path: '/Bootstrap/js/bootstrap.bundle.min.js.map'. Physical path: 'C:\Users\carlo\OneDrive\Escritorio\DN6_Carlos_Vazquez\03_NET_PROJECTS\E4\GymManager.Web\GymManager.Web\wwwroot\Bootstrap\js\bootstrap.bundle.min.js.map' 
 2023-02-23 17:24:08.640 -05:00  INF  Request finished HTTP/1.1 GET https://localhost:7223/Bootstrap/js/bootstrap.bundle.min.js.map - - - 200 333974 text/plain 6.9843ms 
 2023-02-23 17:25:01.106 -05:00  INF  User profile is available. Using 'C:\Users\carlo\AppData\Local\ASP.NET\DataProtection-Keys' as key repository and Windows DPAPI to encrypt keys at rest. 
 2023-02-23 17:25:01.548 -05:00  INF  Now listening on: https://localhost:7223 
 2023-02-23 17:25:01.548 -05:00  INF  Now listening on: http://localhost:5205 
 2023-02-23 17:25:01.552 -05:00  INF  Application started. Press Ctrl+C to shut down. 
 2023-02-23 17:25:01.552 -05:00  INF  Hosting environment: Development 
 2023-02-23 17:25:01.552 -05:00  INF  Content root path: C:\Users\carlo\OneDrive\Escritorio\DN6_Carlos_Vazquez\03_NET_PROJECTS\E4\GymManager.Web\GymManager.Web\ 
 2023-02-23 17:25:03.567 -05:00  INF  Request starting HTTP/2 GET https://localhost:7223/ - - 
 2023-02-23 17:25:03.689 -05:00  INF  Executing endpoint 'GymManager.Web.Controllers.HomeController.Index (GymManager.Web)' 
 2023-02-23 17:25:03.721 -05:00  INF  Route matched with {action = "Index", controller = "Home", page = "", area = ""}. Executing controller action with signature Microsoft.AspNetCore.Mvc.IActionResult Index() on controller GymManager.Web.Controllers.HomeController (GymManager.Web). 
 2023-02-23 17:25:09.014 -05:00  INF  Executing ViewResult, running view Index. 
 2023-02-23 17:25:11.366 -05:00  INF  Executed ViewResult - view Index executed in 7627.3754ms. 
 2023-02-23 17:25:11.380 -05:00  INF  Executed action GymManager.Web.Controllers.HomeController.Index (GymManager.Web) in 7658.9003ms 
 2023-02-23 17:25:11.382 -05:00  INF  Executed endpoint 'GymManager.Web.Controllers.HomeController.Index (GymManager.Web)' 
 2023-02-23 17:25:11.456 -05:00  INF  Request starting HTTP/2 GET https://localhost:7223/Bootstrap/css/bootstrap.min.css - - 
 2023-02-23 17:25:11.456 -05:00  INF  Request starting HTTP/2 GET https://localhost:7223/Bootstrap/css/membersStyle.css - - 
 2023-02-23 17:25:11.457 -05:00  INF  Request finished HTTP/2 GET https://localhost:7223/ - - - 200 - text/html;+charset=utf-8 7892.7247ms 
 2023-02-23 17:25:11.505 -05:00  INF  Sending file. Request path: '/Bootstrap/css/membersStyle.css'. Physical path: 'C:\Users\carlo\OneDrive\Escritorio\DN6_Carlos_Vazquez\03_NET_PROJECTS\E4\GymManager.Web\GymManager.Web\wwwroot\Bootstrap\css\membersStyle.css' 
 2023-02-23 17:25:11.506 -05:00  INF  Request finished HTTP/2 GET https://localhost:7223/Bootstrap/css/membersStyle.css - - - 200 226 text/css 49.3255ms 
 2023-02-23 17:25:11.512 -05:00  INF  Sending file. Request path: '/Bootstrap/css/bootstrap.min.css'. Physical path: 'C:\Users\carlo\OneDrive\Escritorio\DN6_Carlos_Vazquez\03_NET_PROJECTS\E4\GymManager.Web\GymManager.Web\wwwroot\Bootstrap\css\bootstrap.min.css' 
 2023-02-23 17:25:11.513 -05:00  INF  Request finished HTTP/2 GET https://localhost:7223/Bootstrap/css/bootstrap.min.css - - - 200 220780 text/css 56.8052ms 
 2023-02-23 17:25:12.135 -05:00  INF  Request starting HTTP/2 GET https://localhost:7223/Bootstrap/js/bootstrap.bundle.min.js - - 
 2023-02-23 17:25:12.135 -05:00  INF  Request starting HTTP/2 GET https://localhost:7223/_framework/aspnetcore-browser-refresh.js - - 
 2023-02-23 17:25:12.135 -05:00  INF  Request starting HTTP/2 GET https://localhost:7223/Images/logo_sin_fondo.png - - 
 2023-02-23 17:25:12.136 -05:00  INF  Request starting HTTP/2 GET https://localhost:7223/_vs/browserLink - - 
 2023-02-23 17:25:12.141 -05:00  INF  Sending file. Request path: '/Bootstrap/js/bootstrap.bundle.min.js'. Physical path: 'C:\Users\carlo\OneDrive\Escritorio\DN6_Carlos_Vazquez\03_NET_PROJECTS\E4\GymManager.Web\GymManager.Web\wwwroot\Bootstrap\js\bootstrap.bundle.min.js' 
 2023-02-23 17:25:12.141 -05:00  INF  Request finished HTTP/2 GET https://localhost:7223/Bootstrap/js/bootstrap.bundle.min.js - - - 200 80599 application/javascript 6.1526ms 
 2023-02-23 17:25:12.142 -05:00  INF  Sending file. Request path: '/Images/logo_sin_fondo.png'. Physical path: 'C:\Users\carlo\OneDrive\Escritorio\DN6_Carlos_Vazquez\03_NET_PROJECTS\E4\GymManager.Web\GymManager.Web\wwwroot\Images\logo_sin_fondo.png' 
 2023-02-23 17:25:12.142 -05:00  INF  Request finished HTTP/2 GET https://localhost:7223/Images/logo_sin_fondo.png - - - 200 57128 image/png 6.2436ms 
 2023-02-23 17:25:12.143 -05:00  INF  Request finished HTTP/2 GET https://localhost:7223/_framework/aspnetcore-browser-refresh.js - - - 200 11998 application/javascript;+charset=utf-8 8.5267ms 
 2023-02-23 17:25:12.163 -05:00  INF  Request finished HTTP/2 GET https://localhost:7223/_vs/browserLink - - - 200 - text/javascript;+charset=UTF-8 27.5418ms 
 2023-02-23 17:25:12.225 -05:00  INF  Request starting HTTP/2 GET https://localhost:7223/favicon.ico - - 
 2023-02-23 17:25:12.226 -05:00  INF  Request finished HTTP/2 GET https://localhost:7223/favicon.ico - - - 404 0 - 1.6866ms 
 2023-02-23 17:25:12.269 -05:00  INF  Request starting HTTP/1.1 GET https://localhost:7223/Bootstrap/js/bootstrap.bundle.min.js.map - - 
 2023-02-23 17:25:12.274 -05:00  INF  Sending file. Request path: '/Bootstrap/js/bootstrap.bundle.min.js.map'. Physical path: 'C:\Users\carlo\OneDrive\Escritorio\DN6_Carlos_Vazquez\03_NET_PROJECTS\E4\GymManager.Web\GymManager.Web\wwwroot\Bootstrap\js\bootstrap.bundle.min.js.map' 
 2023-02-23 17:25:12.274 -05:00  INF  Request finished HTTP/1.1 GET https://localhost:7223/Bootstrap/js/bootstrap.bundle.min.js.map - - - 200 333974 text/plain 4.9439ms 
 2023-02-23 17:25:15.694 -05:00  INF  Request starting HTTP/2 GET https://localhost:7223/Members/ - - 
 2023-02-23 17:25:15.713 -05:00  INF  Authorization failed. These requirements were not met:
DenyAnonymousAuthorizationRequirement: Requires an authenticated user. 
 2023-02-23 17:25:15.720 -05:00  INF  AuthenticationScheme: Identity.Application was challenged. 
 2023-02-23 17:25:15.720 -05:00  INF  Request finished HTTP/2 GET https://localhost:7223/Members/ - - - 302 0 - 26.4411ms 
 2023-02-23 17:25:15.734 -05:00  INF  Request starting HTTP/2 GET https://localhost:7223/Account/LogIn?ReturnUrl=%2FMembers%2F - - 
 2023-02-23 17:25:15.735 -05:00  INF  Executing endpoint 'GymManager.Web.Controlers.AccountController.Login (GymManager.Web)' 
 2023-02-23 17:25:15.737 -05:00  INF  Route matched with {action = "Login", controller = "Account", page = "", area = ""}. Executing controller action with signature Microsoft.AspNetCore.Mvc.IActionResult Login() on controller GymManager.Web.Controlers.AccountController (GymManager.Web). 
 2023-02-23 17:25:17.401 -05:00  INF  Entity Framework Core 6.0.14 initialized 'GymManagerContext' using provider 'Pomelo.EntityFrameworkCore.MySql:6.0.2' with options: ServerVersion 8.0.32-mysql  
 2023-02-23 17:25:18.010 -05:00  INF  Executed DbCommand (101ms) [Parameters=[], CommandType='"Text"', CommandTimeout='30']
SELECT EXISTS (
    SELECT 1
    FROM `AspNetUsers` AS `a`) 
 2023-02-23 17:25:18.318 -05:00  INF  Executing ViewResult, running view Login. 
 2023-02-23 17:25:18.558 -05:00  INF  Executed ViewResult - view Login executed in 485.622ms. 
 2023-02-23 17:25:18.558 -05:00  INF  Executed action GymManager.Web.Controlers.AccountController.Login (GymManager.Web) in 2821.5412ms 
 2023-02-23 17:25:18.559 -05:00  INF  Executed endpoint 'GymManager.Web.Controlers.AccountController.Login (GymManager.Web)' 
 2023-02-23 17:25:18.579 -05:00  INF  Request starting HTTP/2 GET https://localhost:7223/_framework/aspnetcore-browser-refresh.js - - 
 2023-02-23 17:25:18.580 -05:00  INF  Request finished HTTP/2 GET https://localhost:7223/_framework/aspnetcore-browser-refresh.js - - - 200 11998 application/javascript;+charset=utf-8 0.5468ms 
 2023-02-23 17:25:18.586 -05:00  INF  Request finished HTTP/2 GET https://localhost:7223/Account/LogIn?ReturnUrl=%2FMembers%2F - - - 200 - text/html;+charset=utf-8 2851.8448ms 
 2023-02-23 17:25:18.600 -05:00  INF  Request starting HTTP/2 GET https://localhost:7223/_vs/browserLink - - 
 2023-02-23 17:25:18.613 -05:00  INF  Request finished HTTP/2 GET https://localhost:7223/_vs/browserLink - - - 200 - text/javascript;+charset=UTF-8 13.2071ms 
 2023-02-23 17:25:18.891 -05:00  INF  Request starting HTTP/1.1 GET https://localhost:7223/Bootstrap/js/bootstrap.bundle.min.js.map - - 
 2023-02-23 17:25:18.897 -05:00  INF  Sending file. Request path: '/Bootstrap/js/bootstrap.bundle.min.js.map'. Physical path: 'C:\Users\carlo\OneDrive\Escritorio\DN6_Carlos_Vazquez\03_NET_PROJECTS\E4\GymManager.Web\GymManager.Web\wwwroot\Bootstrap\js\bootstrap.bundle.min.js.map' 
 2023-02-23 17:25:18.898 -05:00  INF  Request finished HTTP/1.1 GET https://localhost:7223/Bootstrap/js/bootstrap.bundle.min.js.map - - - 200 333974 text/plain 6.8831ms 
 