2023-05-01 17:28:32.842 -05:00  INF  User profile is available. Using 'C:\Users\carlo\AppData\Local\ASP.NET\DataProtection-Keys' as key repository and Windows DPAPI to encrypt keys at rest. 
 2023-05-01 17:28:43.811 -05:00  INF  Creating key {b1469629-dffe-44aa-8dd4-971ab6bc8713} with creation date 2023-05-01 22:28:43Z, activation date 2023-05-01 22:28:38Z, and expiration date 2023-07-30 22:28:38Z. 
 2023-05-01 17:28:43.888 -05:00  INF  Writing data to file 'C:\Users\carlo\AppData\Local\ASP.NET\DataProtection-Keys\key-b1469629-dffe-44aa-8dd4-971ab6bc8713.xml'. 
 2023-05-01 17:28:52.110 -05:00  INF  Now listening on: https://localhost:7223 
 2023-05-01 17:28:52.160 -05:00  INF  Now listening on: http://localhost:5205 
 2023-05-01 17:28:52.259 -05:00  INF  Application started. Press Ctrl+C to shut down. 
 2023-05-01 17:28:52.259 -05:00  INF  Hosting environment: Development 
 2023-05-01 17:28:52.259 -05:00  INF  Content root path: C:\Users\carlo\OneDrive\Escritorio\DN6_Carlos_Vazquez\06_ASP_NET_CORE_ENTITY_FRAMEWORK\T9\GymManager.Web\GymManager.Web\ 
 2023-05-01 17:29:52.960 -05:00  INF  User profile is available. Using 'C:\Users\carlo\AppData\Local\ASP.NET\DataProtection-Keys' as key repository and Windows DPAPI to encrypt keys at rest. 
 2023-05-01 17:29:53.775 -05:00  INF  Now listening on: https://localhost:7223 
 2023-05-01 17:29:53.775 -05:00  INF  Now listening on: http://localhost:5205 
 2023-05-01 17:29:53.779 -05:00  INF  Application started. Press Ctrl+C to shut down. 
 2023-05-01 17:29:53.779 -05:00  INF  Hosting environment: Development 
 2023-05-01 17:29:53.779 -05:00  INF  Content root path: C:\Users\carlo\OneDrive\Escritorio\DN6_Carlos_Vazquez\06_ASP_NET_CORE_ENTITY_FRAMEWORK\T9\GymManager.Web\GymManager.Web\ 
 2023-05-01 17:31:18.150 -05:00  INF  User profile is available. Using 'C:\Users\carlo\AppData\Local\ASP.NET\DataProtection-Keys' as key repository and Windows DPAPI to encrypt keys at rest. 
 2023-05-01 17:31:19.051 -05:00  INF  Now listening on: https://localhost:7223 
 2023-05-01 17:31:19.051 -05:00  INF  Now listening on: http://localhost:5205 
 2023-05-01 17:31:19.055 -05:00  INF  Application started. Press Ctrl+C to shut down. 
 2023-05-01 17:31:19.055 -05:00  INF  Hosting environment: Development 
 2023-05-01 17:31:19.055 -05:00  INF  Content root path: C:\Users\carlo\OneDrive\Escritorio\DN6_Carlos_Vazquez\06_ASP_NET_CORE_ENTITY_FRAMEWORK\T9\GymManager.Web\GymManager.Web\ 
 2023-05-01 17:31:26.347 -05:00  INF  Request starting HTTP/2 GET https://localhost:7223/ - - 
 2023-05-01 17:31:28.059 -05:00  INF  Executing endpoint 'GymManager.Web.Controllers.HomeController.Index (GymManager.Web)' 
 2023-05-01 17:31:29.402 -05:00  INF  Route matched with {action = "Index", controller = "Home", page = "", area = ""}. Executing controller action with signature System.Threading.Tasks.Task`1[Microsoft.AspNetCore.Mvc.IActionResult] Index() on controller GymManager.Web.Controllers.HomeController (GymManager.Web). 
 2023-05-01 17:31:44.611 -05:00  INF  Entity Framework Core 6.0.14 initialized 'GymManagerContext' using provider 'Pomelo.EntityFrameworkCore.MySql:6.0.2' with options: ServerVersion 8.0.32-mysql  
 2023-05-01 17:31:48.534 -05:00  INF  Executed DbCommand (2,194ms) [Parameters=[], CommandType='"Text"', CommandTimeout='30']
SELECT `m`.`Id`, `m`.`AllowNewsletter`, `m`.`BirthDay`, `m`.`CityId`, `m`.`Email`, `m`.`LastName`, `m`.`Name`
FROM `Members` AS `m` 
 2023-05-01 17:33:44.776 -05:00  INF  Executing ViewResult, running view Index. 
 2023-05-01 17:33:59.534 -05:00  INF  Executed ViewResult - view Index executed in 130320.1254ms. 
 2023-05-01 17:33:59.595 -05:00  INF  Executed action GymManager.Web.Controllers.HomeController.Index (GymManager.Web) in 150191.5974ms 
 2023-05-01 17:33:59.599 -05:00  INF  Executed endpoint 'GymManager.Web.Controllers.HomeController.Index (GymManager.Web)' 
 2023-05-01 17:34:00.547 -05:00  INF  Request finished HTTP/2 GET https://localhost:7223/ - - - 200 - text/html;+charset=utf-8 154225.6013ms 
 2023-05-01 17:34:01.268 -05:00  INF  Request starting HTTP/2 GET https://localhost:7223/Bootstrap/css/bootstrap.min.css - - 
 2023-05-01 17:34:01.283 -05:00  INF  Request starting HTTP/2 GET https://localhost:7223/Bootstrap/css/membersStyle.css - - 
 2023-05-01 17:34:01.369 -05:00  INF  The file /Bootstrap/css/bootstrap.min.css was not modified 
 2023-05-01 17:34:01.369 -05:00  INF  The file /Bootstrap/css/membersStyle.css was not modified 
 2023-05-01 17:34:01.371 -05:00  INF  Request finished HTTP/2 GET https://localhost:7223/Bootstrap/css/bootstrap.min.css - - - 304 - text/css 103.2862ms 
 2023-05-01 17:34:01.371 -05:00  INF  Request finished HTTP/2 GET https://localhost:7223/Bootstrap/css/membersStyle.css - - - 304 - text/css 88.2243ms 
 2023-05-01 17:34:03.739 -05:00  INF  Request starting HTTP/2 GET https://localhost:7223/Bootstrap/js/bootstrap.bundle.min.js - - 
 2023-05-01 17:34:03.739 -05:00  INF  Request starting HTTP/2 GET https://localhost:7223/_framework/aspnetcore-browser-refresh.js - - 
 2023-05-01 17:34:03.740 -05:00  INF  Request starting HTTP/2 GET https://localhost:7223/Images/logo_sin_fondo.png - - 
 2023-05-01 17:34:03.769 -05:00  INF  The file /Images/logo_sin_fondo.png was not modified 
 2023-05-01 17:34:03.769 -05:00  INF  Request finished HTTP/2 GET https://localhost:7223/Images/logo_sin_fondo.png - - - 304 - image/png 29.7130ms 
 2023-05-01 17:34:03.961 -05:00  INF  The file /Bootstrap/js/bootstrap.bundle.min.js was not modified 
 2023-05-01 17:34:03.961 -05:00  INF  Request finished HTTP/2 GET https://localhost:7223/Bootstrap/js/bootstrap.bundle.min.js - - - 304 - application/javascript 222.1452ms 
 2023-05-01 17:34:04.240 -05:00  INF  Request finished HTTP/2 GET https://localhost:7223/_framework/aspnetcore-browser-refresh.js - - - 200 11998 application/javascript;+charset=utf-8 501.2272ms 
 2023-05-01 17:34:05.806 -05:00  INF  Request starting HTTP/2 GET https://localhost:7223/favicon.ico - - 
 2023-05-01 17:34:05.808 -05:00  INF  Request finished HTTP/2 GET https://localhost:7223/favicon.ico - - - 404 0 - 2.5487ms 
 2023-05-01 17:34:09.346 -05:00  INF  Request starting HTTP/1.1 GET https://localhost:7223/Bootstrap/js/bootstrap.bundle.min.js.map - - 
 2023-05-01 17:34:18.622 -05:00  INF  Sending file. Request path: '/Bootstrap/js/bootstrap.bundle.min.js.map'. Physical path: 'C:\Users\carlo\OneDrive\Escritorio\DN6_Carlos_Vazquez\06_ASP_NET_CORE_ENTITY_FRAMEWORK\T9\GymManager.Web\GymManager.Web\wwwroot\Bootstrap\js\bootstrap.bundle.min.js.map' 
 2023-05-01 17:34:18.623 -05:00  INF  Request finished HTTP/1.1 GET https://localhost:7223/Bootstrap/js/bootstrap.bundle.min.js.map - - - 200 333974 text/plain 9276.4287ms 
 2023-05-01 17:35:00.183 -05:00  INF  Request starting HTTP/2 GET https://localhost:7223/Reports/NewMembers - - 
 2023-05-01 17:35:00.210 -05:00  INF  Executing endpoint 'GymManager.Web.Controllers.ReportsController.NewMembers (GymManager.Web)' 
 2023-05-01 17:35:00.212 -05:00  INF  Route matched with {action = "NewMembers", controller = "Reports", page = "", area = ""}. Executing controller action with signature Microsoft.AspNetCore.Mvc.IActionResult NewMembers() on controller GymManager.Web.Controllers.ReportsController (GymManager.Web). 
 2023-05-01 17:35:08.602 -05:00  INF  Executing FileContentResult, sending file with download name 'archivo.pdf' ... 
 2023-05-01 17:35:08.665 -05:00  INF  Executed action GymManager.Web.Controllers.ReportsController.NewMembers (GymManager.Web) in 8452.8557ms 
 2023-05-01 17:35:08.665 -05:00  INF  Executed endpoint 'GymManager.Web.Controllers.ReportsController.NewMembers (GymManager.Web)' 
 2023-05-01 17:35:08.668 -05:00  INF  Request finished HTTP/2 GET https://localhost:7223/Reports/NewMembers - - - 200 40511 application/pdf 8484.9872ms 
 