2023-02-23 23:52:13.956 -05:00  INF  User profile is available. Using 'C:\Users\carlo\AppData\Local\ASP.NET\DataProtection-Keys' as key repository and Windows DPAPI to encrypt keys at rest. 
 2023-02-23 23:52:14.346 -05:00  INF  Now listening on: https://localhost:7223 
 2023-02-23 23:52:14.346 -05:00  INF  Now listening on: http://localhost:5205 
 2023-02-23 23:52:14.350 -05:00  INF  Application started. Press Ctrl+C to shut down. 
 2023-02-23 23:52:14.350 -05:00  INF  Hosting environment: Development 
 2023-02-23 23:52:14.350 -05:00  INF  Content root path: C:\Users\carlo\OneDrive\Escritorio\DN6_Carlos_Vazquez\03_NET_PROJECTS\E4\GymManager.Web\GymManager.Web\ 
 2023-02-23 23:52:17.927 -05:00  INF  Request starting HTTP/2 GET https://localhost:7223/ - - 
 2023-02-23 23:52:18.294 -05:00  INF  Executing endpoint 'GymManager.Web.Controllers.HomeController.Index (GymManager.Web)' 
 2023-02-23 23:52:18.455 -05:00  INF  Route matched with {action = "Index", controller = "Home", page = "", area = ""}. Executing controller action with signature Microsoft.AspNetCore.Mvc.IActionResult Index() on controller GymManager.Web.Controllers.HomeController (GymManager.Web). 
 2023-02-23 23:52:33.034 -05:00  INF  Executing ViewResult, running view Index. 
 2023-02-23 23:52:36.147 -05:00  INF  Executed ViewResult - view Index executed in 17675.2636ms. 
 2023-02-23 23:52:36.158 -05:00  INF  Executed action GymManager.Web.Controllers.HomeController.Index (GymManager.Web) in 17702.9957ms 
 2023-02-23 23:52:36.159 -05:00  INF  Executed endpoint 'GymManager.Web.Controllers.HomeController.Index (GymManager.Web)' 
 2023-02-23 23:52:36.239 -05:00  INF  Request finished HTTP/2 GET https://localhost:7223/ - - - 200 - text/html;+charset=utf-8 18322.5608ms 
 2023-02-23 23:52:36.241 -05:00  INF  Request starting HTTP/2 GET https://localhost:7223/Bootstrap/css/bootstrap.min.css - - 
 2023-02-23 23:52:36.241 -05:00  INF  Request starting HTTP/2 GET https://localhost:7223/Bootstrap/css/membersStyle.css - - 
 2023-02-23 23:52:36.284 -05:00  INF  Sending file. Request path: '/Bootstrap/css/membersStyle.css'. Physical path: 'C:\Users\carlo\OneDrive\Escritorio\DN6_Carlos_Vazquez\03_NET_PROJECTS\E4\GymManager.Web\GymManager.Web\wwwroot\Bootstrap\css\membersStyle.css' 
 2023-02-23 23:52:36.285 -05:00  INF  Request finished HTTP/2 GET https://localhost:7223/Bootstrap/css/membersStyle.css - - - 200 226 text/css 44.0375ms 
 2023-02-23 23:52:36.318 -05:00  INF  Sending file. Request path: '/Bootstrap/css/bootstrap.min.css'. Physical path: 'C:\Users\carlo\OneDrive\Escritorio\DN6_Carlos_Vazquez\03_NET_PROJECTS\E4\GymManager.Web\GymManager.Web\wwwroot\Bootstrap\css\bootstrap.min.css' 
 2023-02-23 23:52:36.318 -05:00  INF  Request finished HTTP/2 GET https://localhost:7223/Bootstrap/css/bootstrap.min.css - - - 200 220780 text/css 76.9822ms 
 2023-02-23 23:52:37.097 -05:00  INF  Request starting HTTP/2 GET https://localhost:7223/Bootstrap/js/bootstrap.bundle.min.js - - 
 2023-02-23 23:52:37.097 -05:00  INF  Request starting HTTP/2 GET https://localhost:7223/_framework/aspnetcore-browser-refresh.js - - 
 2023-02-23 23:52:37.098 -05:00  INF  Request starting HTTP/2 GET https://localhost:7223/Images/logo_sin_fondo.png - - 
 2023-02-23 23:52:37.098 -05:00  INF  Request starting HTTP/2 GET https://localhost:7223/_vs/browserLink - - 
 2023-02-23 23:52:37.103 -05:00  INF  Sending file. Request path: '/Bootstrap/js/bootstrap.bundle.min.js'. Physical path: 'C:\Users\carlo\OneDrive\Escritorio\DN6_Carlos_Vazquez\03_NET_PROJECTS\E4\GymManager.Web\GymManager.Web\wwwroot\Bootstrap\js\bootstrap.bundle.min.js' 
 2023-02-23 23:52:37.103 -05:00  INF  Request finished HTTP/2 GET https://localhost:7223/Bootstrap/js/bootstrap.bundle.min.js - - - 200 80599 application/javascript 5.9076ms 
 2023-02-23 23:52:37.105 -05:00  INF  Request finished HTTP/2 GET https://localhost:7223/_framework/aspnetcore-browser-refresh.js - - - 200 11998 application/javascript;+charset=utf-8 7.7380ms 
 2023-02-23 23:52:37.118 -05:00  INF  Request finished HTTP/2 GET https://localhost:7223/_vs/browserLink - - - 200 - text/javascript;+charset=UTF-8 20.3202ms 
 2023-02-23 23:52:37.121 -05:00  INF  Sending file. Request path: '/Images/logo_sin_fondo.png'. Physical path: 'C:\Users\carlo\OneDrive\Escritorio\DN6_Carlos_Vazquez\03_NET_PROJECTS\E4\GymManager.Web\GymManager.Web\wwwroot\Images\logo_sin_fondo.png' 
 2023-02-23 23:52:37.121 -05:00  INF  Request finished HTTP/2 GET https://localhost:7223/Images/logo_sin_fondo.png - - - 200 57128 image/png 23.4111ms 
 2023-02-23 23:52:37.253 -05:00  INF  Request starting HTTP/2 GET https://localhost:7223/favicon.ico - - 
 2023-02-23 23:52:37.255 -05:00  INF  Request finished HTTP/2 GET https://localhost:7223/favicon.ico - - - 404 0 - 2.2023ms 
 2023-02-23 23:52:37.285 -05:00  INF  Request starting HTTP/1.1 GET https://localhost:7223/Bootstrap/js/bootstrap.bundle.min.js.map - - 
 2023-02-23 23:52:37.291 -05:00  INF  Sending file. Request path: '/Bootstrap/js/bootstrap.bundle.min.js.map'. Physical path: 'C:\Users\carlo\OneDrive\Escritorio\DN6_Carlos_Vazquez\03_NET_PROJECTS\E4\GymManager.Web\GymManager.Web\wwwroot\Bootstrap\js\bootstrap.bundle.min.js.map' 
 2023-02-23 23:52:37.291 -05:00  INF  Request finished HTTP/1.1 GET https://localhost:7223/Bootstrap/js/bootstrap.bundle.min.js.map - - - 200 333974 text/plain 5.8312ms 
 2023-02-23 23:52:58.935 -05:00  INF  Request starting HTTP/2 GET https://localhost:7223/Members/ - - 
 2023-02-23 23:52:58.946 -05:00  INF  Authorization failed. These requirements were not met:
DenyAnonymousAuthorizationRequirement: Requires an authenticated user. 
 2023-02-23 23:52:58.953 -05:00  INF  AuthenticationScheme: Identity.Application was challenged. 
 2023-02-23 23:52:58.954 -05:00  INF  Request finished HTTP/2 GET https://localhost:7223/Members/ - - - 302 0 - 19.0361ms 
 2023-02-23 23:52:58.987 -05:00  INF  Request starting HTTP/2 GET https://localhost:7223/Account/LogIn?ReturnUrl=%2FMembers%2F - - 
 2023-02-23 23:52:58.987 -05:00  INF  Executing endpoint 'GymManager.Web.Controlers.AccountController.Login (GymManager.Web)' 
 2023-02-23 23:52:58.989 -05:00  INF  Route matched with {action = "Login", controller = "Account", page = "", area = ""}. Executing controller action with signature Microsoft.AspNetCore.Mvc.IActionResult Login() on controller GymManager.Web.Controlers.AccountController (GymManager.Web). 
 2023-02-23 23:53:00.781 -05:00  INF  Entity Framework Core 6.0.14 initialized 'GymManagerContext' using provider 'Pomelo.EntityFrameworkCore.MySql:6.0.2' with options: ServerVersion 8.0.32-mysql  
 2023-02-23 23:53:01.345 -05:00  INF  Executed DbCommand (78ms) [Parameters=[], CommandType='"Text"', CommandTimeout='30']
SELECT EXISTS (
    SELECT 1
    FROM `AspNetUsers` AS `a`) 
 2023-02-23 23:53:01.688 -05:00  INF  Executing ViewResult, running view Login. 
 2023-02-23 23:53:01.968 -05:00  INF  Executed ViewResult - view Login executed in 542.1407ms. 
 2023-02-23 23:53:01.968 -05:00  INF  Executed action GymManager.Web.Controlers.AccountController.Login (GymManager.Web) in 2979.6952ms 
 2023-02-23 23:53:01.968 -05:00  INF  Executed endpoint 'GymManager.Web.Controlers.AccountController.Login (GymManager.Web)' 
 2023-02-23 23:53:01.988 -05:00  INF  Request starting HTTP/2 GET https://localhost:7223/_framework/aspnetcore-browser-refresh.js - - 
 2023-02-23 23:53:01.989 -05:00  INF  Request finished HTTP/2 GET https://localhost:7223/_framework/aspnetcore-browser-refresh.js - - - 200 11998 application/javascript;+charset=utf-8 0.3360ms 
 2023-02-23 23:53:01.990 -05:00  INF  Request finished HTTP/2 GET https://localhost:7223/Account/LogIn?ReturnUrl=%2FMembers%2F - - - 200 - text/html;+charset=utf-8 3003.4616ms 
 2023-02-23 23:53:01.995 -05:00  INF  Request starting HTTP/2 GET https://localhost:7223/_vs/browserLink - - 
 2023-02-23 23:53:02.012 -05:00  INF  Request finished HTTP/2 GET https://localhost:7223/_vs/browserLink - - - 200 - text/javascript;+charset=UTF-8 16.9603ms 
 2023-02-23 23:53:02.366 -05:00  INF  Request starting HTTP/1.1 GET https://localhost:7223/Bootstrap/js/bootstrap.bundle.min.js.map - - 
 2023-02-23 23:53:02.369 -05:00  INF  Sending file. Request path: '/Bootstrap/js/bootstrap.bundle.min.js.map'. Physical path: 'C:\Users\carlo\OneDrive\Escritorio\DN6_Carlos_Vazquez\03_NET_PROJECTS\E4\GymManager.Web\GymManager.Web\wwwroot\Bootstrap\js\bootstrap.bundle.min.js.map' 
 2023-02-23 23:53:02.370 -05:00  INF  Request finished HTTP/1.1 GET https://localhost:7223/Bootstrap/js/bootstrap.bundle.min.js.map - - - 200 333974 text/plain 3.1824ms 
 2023-02-23 23:53:09.803 -05:00  INF  Request starting HTTP/2 POST https://localhost:7223/Account/Login application/x-www-form-urlencoded 248 
 2023-02-23 23:53:09.805 -05:00  INF  Executing endpoint 'GymManager.Web.Controlers.AccountController.Login (GymManager.Web)' 
 2023-02-23 23:53:09.826 -05:00  INF  Route matched with {action = "Login", controller = "Account", page = "", area = ""}. Executing controller action with signature System.Threading.Tasks.Task`1[Microsoft.AspNetCore.Mvc.IActionResult] Login(GymManager.Web.Models.LoginModel) on controller GymManager.Web.Controlers.AccountController (GymManager.Web). 
 2023-02-23 23:53:09.885 -05:00  INF  Entity Framework Core 6.0.14 initialized 'GymManagerContext' using provider 'Pomelo.EntityFrameworkCore.MySql:6.0.2' with options: ServerVersion 8.0.32-mysql  
 2023-02-23 23:53:09.890 -05:00  INF  Executed DbCommand (1ms) [Parameters=[], CommandType='"Text"', CommandTimeout='30']
SELECT EXISTS (
    SELECT 1
    FROM `AspNetUsers` AS `a`) 
 2023-02-23 23:53:10.564 -05:00  INF  Executed DbCommand (360ms) [Parameters=[@__normalizedUserName_0='?' (Size = 256)], CommandType='"Text"', CommandTimeout='30']
SELECT `a`.`Id`, `a`.`AccessFailedCount`, `a`.`ConcurrencyStamp`, `a`.`Email`, `a`.`EmailConfirmed`, `a`.`LockoutEnabled`, `a`.`LockoutEnd`, `a`.`NormalizedEmail`, `a`.`NormalizedUserName`, `a`.`PasswordHash`, `a`.`PhoneNumber`, `a`.`PhoneNumberConfirmed`, `a`.`SecurityStamp`, `a`.`TwoFactorEnabled`, `a`.`UserName`
FROM `AspNetUsers` AS `a`
WHERE `a`.`NormalizedUserName` = @__normalizedUserName_0
LIMIT 1 
 2023-02-23 23:53:11.020 -05:00  INF  Executed DbCommand (89ms) [Parameters=[@__user_Id_0='?' (Size = 255)], CommandType='"Text"', CommandTimeout='30']
SELECT `a`.`Id`, `a`.`ClaimType`, `a`.`ClaimValue`, `a`.`UserId`
FROM `AspNetUserClaims` AS `a`
WHERE `a`.`UserId` = @__user_Id_0 
 2023-02-23 23:53:11.039 -05:00  INF  AuthenticationScheme: Identity.Application signed in. 
 2023-02-23 23:53:11.047 -05:00  INF  Executing LocalRedirectResult, redirecting to /. 
 2023-02-23 23:53:11.047 -05:00  INF  Executed action GymManager.Web.Controlers.AccountController.Login (GymManager.Web) in 1221.2359ms 
 2023-02-23 23:53:11.047 -05:00  INF  Executed endpoint 'GymManager.Web.Controlers.AccountController.Login (GymManager.Web)' 
 2023-02-23 23:53:11.048 -05:00  INF  Request finished HTTP/2 POST https://localhost:7223/Account/Login application/x-www-form-urlencoded 248 - 302 0 - 1245.0883ms 
 2023-02-23 23:53:11.051 -05:00  INF  Request starting HTTP/2 GET https://localhost:7223/ - - 
 2023-02-23 23:53:11.060 -05:00  INF  Executing endpoint 'GymManager.Web.Controllers.HomeController.Index (GymManager.Web)' 
 2023-02-23 23:53:11.060 -05:00  INF  Route matched with {action = "Index", controller = "Home", page = "", area = ""}. Executing controller action with signature Microsoft.AspNetCore.Mvc.IActionResult Index() on controller GymManager.Web.Controllers.HomeController (GymManager.Web). 
 2023-02-23 23:53:11.060 -05:00  INF  Executing ViewResult, running view Index. 
 2023-02-23 23:53:11.069 -05:00  INF  Executed ViewResult - view Index executed in 8.431ms. 
 2023-02-23 23:53:11.069 -05:00  INF  Executed action GymManager.Web.Controllers.HomeController.Index (GymManager.Web) in 8.8346ms 
 2023-02-23 23:53:11.069 -05:00  INF  Executed endpoint 'GymManager.Web.Controllers.HomeController.Index (GymManager.Web)' 
 2023-02-23 23:53:11.072 -05:00  INF  Request finished HTTP/2 GET https://localhost:7223/ - - - 200 - text/html;+charset=utf-8 21.1451ms 
 2023-02-23 23:53:11.096 -05:00  INF  Request starting HTTP/2 GET https://localhost:7223/_framework/aspnetcore-browser-refresh.js - - 
 2023-02-23 23:53:11.097 -05:00  INF  Request starting HTTP/2 GET https://localhost:7223/_vs/browserLink - - 
 2023-02-23 23:53:11.097 -05:00  INF  Request finished HTTP/2 GET https://localhost:7223/_framework/aspnetcore-browser-refresh.js - - - 200 11998 application/javascript;+charset=utf-8 1.6346ms 
 2023-02-23 23:53:11.112 -05:00  INF  Request finished HTTP/2 GET https://localhost:7223/_vs/browserLink - - - 200 - text/javascript;+charset=UTF-8 14.9281ms 
 2023-02-23 23:53:11.121 -05:00  INF  Request starting HTTP/1.1 GET https://localhost:7223/Bootstrap/js/bootstrap.bundle.min.js.map - - 
 2023-02-23 23:53:11.124 -05:00  INF  Sending file. Request path: '/Bootstrap/js/bootstrap.bundle.min.js.map'. Physical path: 'C:\Users\carlo\OneDrive\Escritorio\DN6_Carlos_Vazquez\03_NET_PROJECTS\E4\GymManager.Web\GymManager.Web\wwwroot\Bootstrap\js\bootstrap.bundle.min.js.map' 
 2023-02-23 23:53:11.124 -05:00  INF  Request finished HTTP/1.1 GET https://localhost:7223/Bootstrap/js/bootstrap.bundle.min.js.map - - - 200 333974 text/plain 3.1449ms 
 2023-02-23 23:57:00.397 -05:00  INF  Request starting HTTP/2 GET https://localhost:7223/Members/ - - 
 2023-02-23 23:57:00.409 -05:00  INF  Executing endpoint 'GymManager.Web.Controllers.MembersController.Index (GymManager.Web)' 
 2023-02-23 23:57:00.409 -05:00  INF  Route matched with {action = "Index", controller = "Members", page = "", area = ""}. Executing controller action with signature Microsoft.AspNetCore.Mvc.IActionResult Index() on controller GymManager.Web.Controllers.MembersController (GymManager.Web). 
 2023-02-23 23:57:00.410 -05:00  INF  ------------------------------------------------- 
 2023-02-23 23:57:00.410 -05:00  INF  Now you are in the Members Index 
 2023-02-23 23:57:00.410 -05:00  INF  ------------------------------------------------- 
 2023-02-23 23:57:00.785 -05:00  INF  Executing ViewResult, running view Index. 
 2023-02-23 23:57:00.815 -05:00  INF  Executed ViewResult - view Index executed in 404.4368ms. 
 2023-02-23 23:57:00.815 -05:00  INF  Executed action GymManager.Web.Controllers.MembersController.Index (GymManager.Web) in 405.6756ms 
 2023-02-23 23:57:00.816 -05:00  INF  Executed endpoint 'GymManager.Web.Controllers.MembersController.Index (GymManager.Web)' 
 2023-02-23 23:57:00.819 -05:00  INF  Request finished HTTP/2 GET https://localhost:7223/Members/ - - - 200 - text/html;+charset=utf-8 421.2318ms 
 2023-02-23 23:57:00.828 -05:00  INF  Request starting HTTP/2 GET https://localhost:7223/_framework/aspnetcore-browser-refresh.js - - 
 2023-02-23 23:57:00.828 -05:00  INF  Request starting HTTP/2 GET https://localhost:7223/_vs/browserLink - - 
 2023-02-23 23:57:00.829 -05:00  INF  Request finished HTTP/2 GET https://localhost:7223/_framework/aspnetcore-browser-refresh.js - - - 200 11998 application/javascript;+charset=utf-8 0.7547ms 
 2023-02-23 23:57:00.857 -05:00  INF  Request finished HTTP/2 GET https://localhost:7223/_vs/browserLink - - - 200 - text/javascript;+charset=UTF-8 28.5708ms 
 2023-02-23 23:57:00.905 -05:00  INF  Request starting HTTP/1.1 GET https://localhost:7223/Bootstrap/js/bootstrap.bundle.min.js.map - - 
 2023-02-23 23:57:00.908 -05:00  INF  Sending file. Request path: '/Bootstrap/js/bootstrap.bundle.min.js.map'. Physical path: 'C:\Users\carlo\OneDrive\Escritorio\DN6_Carlos_Vazquez\03_NET_PROJECTS\E4\GymManager.Web\GymManager.Web\wwwroot\Bootstrap\js\bootstrap.bundle.min.js.map' 
 2023-02-23 23:57:00.908 -05:00  INF  Request finished HTTP/1.1 GET https://localhost:7223/Bootstrap/js/bootstrap.bundle.min.js.map - - - 200 333974 text/plain 3.5812ms 
 2023-02-23 23:57:02.903 -05:00  INF  Request starting HTTP/2 GET https://localhost:7223/Members/ - - 
 2023-02-23 23:57:02.963 -05:00  INF  Executing endpoint 'GymManager.Web.Controllers.MembersController.Index (GymManager.Web)' 
 2023-02-23 23:57:02.963 -05:00  INF  Route matched with {action = "Index", controller = "Members", page = "", area = ""}. Executing controller action with signature Microsoft.AspNetCore.Mvc.IActionResult Index() on controller GymManager.Web.Controllers.MembersController (GymManager.Web). 
 2023-02-23 23:57:02.963 -05:00  INF  ------------------------------------------------- 
 2023-02-23 23:57:02.963 -05:00  INF  Now you are in the Members Index 
 2023-02-23 23:57:02.963 -05:00  INF  ------------------------------------------------- 
 2023-02-23 23:57:02.964 -05:00  INF  Executing ViewResult, running view Index. 
 2023-02-23 23:57:02.970 -05:00  INF  Executed ViewResult - view Index executed in 6.3064ms. 
 2023-02-23 23:57:02.970 -05:00  INF  Executed action GymManager.Web.Controllers.MembersController.Index (GymManager.Web) in 6.709ms 
 2023-02-23 23:57:02.970 -05:00  INF  Executed endpoint 'GymManager.Web.Controllers.MembersController.Index (GymManager.Web)' 
 2023-02-23 23:57:02.972 -05:00  INF  Request finished HTTP/2 GET https://localhost:7223/Members/ - - - 200 - text/html;+charset=utf-8 69.1836ms 
 2023-02-23 23:57:02.981 -05:00  INF  Request starting HTTP/2 GET https://localhost:7223/_vs/browserLink - - 
 2023-02-23 23:57:02.981 -05:00  INF  Request starting HTTP/2 GET https://localhost:7223/_framework/aspnetcore-browser-refresh.js - - 
 2023-02-23 23:57:02.982 -05:00  INF  Request finished HTTP/2 GET https://localhost:7223/_framework/aspnetcore-browser-refresh.js - - - 200 11998 application/javascript;+charset=utf-8 0.4841ms 
 2023-02-23 23:57:02.991 -05:00  INF  Request finished HTTP/2 GET https://localhost:7223/_vs/browserLink - - - 200 - text/javascript;+charset=UTF-8 9.4321ms 
 2023-02-23 23:57:03.014 -05:00  INF  Request starting HTTP/1.1 GET https://localhost:7223/Bootstrap/js/bootstrap.bundle.min.js.map - - 
 2023-02-23 23:57:03.017 -05:00  INF  Sending file. Request path: '/Bootstrap/js/bootstrap.bundle.min.js.map'. Physical path: 'C:\Users\carlo\OneDrive\Escritorio\DN6_Carlos_Vazquez\03_NET_PROJECTS\E4\GymManager.Web\GymManager.Web\wwwroot\Bootstrap\js\bootstrap.bundle.min.js.map' 
 2023-02-23 23:57:03.018 -05:00  INF  Request finished HTTP/1.1 GET https://localhost:7223/Bootstrap/js/bootstrap.bundle.min.js.map - - - 200 333974 text/plain 3.7006ms 
 2023-02-23 23:57:07.055 -05:00  INF  Request starting HTTP/2 GET https://localhost:7223/MembershipTypes/ - - 
 2023-02-23 23:57:07.112 -05:00  INF  Executing endpoint 'GymManager.Web.Controllers.MembershipTypesController.Index (GymManager.Web)' 
 2023-02-23 23:57:07.113 -05:00  INF  Route matched with {action = "Index", controller = "MembershipTypes", page = "", area = ""}. Executing controller action with signature Microsoft.AspNetCore.Mvc.IActionResult Index() on controller GymManager.Web.Controllers.MembershipTypesController (GymManager.Web). 
 2023-02-23 23:57:07.294 -05:00  INF  Executing ViewResult, running view Index. 
 2023-02-23 23:57:07.679 -05:00  INF  Executed ViewResult - view Index executed in 564.7849ms. 
 2023-02-23 23:57:07.680 -05:00  INF  Executed action GymManager.Web.Controllers.MembershipTypesController.Index (GymManager.Web) in 566.2284ms 
 2023-02-23 23:57:07.680 -05:00  INF  Executed endpoint 'GymManager.Web.Controllers.MembershipTypesController.Index (GymManager.Web)' 
 2023-02-23 23:57:07.682 -05:00  INF  Request finished HTTP/2 GET https://localhost:7223/MembershipTypes/ - - - 200 - text/html;+charset=utf-8 627.6181ms 
 2023-02-23 23:57:07.693 -05:00  INF  Request starting HTTP/2 GET https://localhost:7223/_framework/aspnetcore-browser-refresh.js - - 
 2023-02-23 23:57:07.693 -05:00  INF  Request starting HTTP/2 GET https://localhost:7223/_vs/browserLink - - 
 2023-02-23 23:57:07.693 -05:00  INF  Request finished HTTP/2 GET https://localhost:7223/_framework/aspnetcore-browser-refresh.js - - - 200 11998 application/javascript;+charset=utf-8 0.6264ms 
 2023-02-23 23:57:07.702 -05:00  INF  Request finished HTTP/2 GET https://localhost:7223/_vs/browserLink - - - 200 - text/javascript;+charset=UTF-8 9.1406ms 
 2023-02-23 23:57:07.732 -05:00  INF  Request starting HTTP/1.1 GET https://localhost:7223/Bootstrap/js/bootstrap.bundle.min.js.map - - 
 2023-02-23 23:57:07.735 -05:00  INF  Sending file. Request path: '/Bootstrap/js/bootstrap.bundle.min.js.map'. Physical path: 'C:\Users\carlo\OneDrive\Escritorio\DN6_Carlos_Vazquez\03_NET_PROJECTS\E4\GymManager.Web\GymManager.Web\wwwroot\Bootstrap\js\bootstrap.bundle.min.js.map' 
 2023-02-23 23:57:07.735 -05:00  INF  Request finished HTTP/1.1 GET https://localhost:7223/Bootstrap/js/bootstrap.bundle.min.js.map - - - 200 333974 text/plain 3.8899ms 
 